Log file open, 12/15/20 08:08:34
LogPakFile: Display: Found Pak file ../../../IDoctor/Content/Paks/IDoctor-WindowsNoEditor.pak attempting to mount.
LogPakFile: Display: Mounting pak file ../../../IDoctor/Content/Paks/IDoctor-WindowsNoEditor.pak.
LogPlatformFile: Not using cached read wrapper
LogTaskGraph: Started task graph with 5 named threads and 35 total threads with 3 sets of task threads.
LogStats: Stats thread started at 0.039143
LogD3D11RHI: Loaded GFSDK_Aftermath_Lib.x64.dll
LogICUInternationalization: ICU TimeZone Detection - Raw Offset: +9:00, Platform Override: ''
LogPluginManager: Mounting plugin Paper2D
LogPluginManager: Mounting plugin AISupport
LogPluginManager: Mounting plugin LightPropagationVolume
LogPluginManager: Mounting plugin AnimationSharing
LogPluginManager: Mounting plugin SignificanceManager
LogPluginManager: Mounting plugin UObjectPlugin
LogPluginManager: Mounting plugin AssetManagerEditor
LogPluginManager: Mounting plugin FacialAnimation
LogPluginManager: Mounting plugin GeometryMode
LogPluginManager: Mounting plugin DatasmithContent
LogPluginManager: Mounting plugin VariantManagerContent
LogPluginManager: Mounting plugin AlembicImporter
LogPluginManager: Mounting plugin GeometryCache
LogPluginManager: Mounting plugin AutomationUtils
LogPluginManager: Mounting plugin ScreenshotTools
LogPluginManager: Mounting plugin BackChannel
LogPluginManager: Mounting plugin ChaosClothEditor
LogPluginManager: Mounting plugin ChaosCloth
LogPluginManager: Mounting plugin ChaosEditor
LogPluginManager: Mounting plugin PlanarCut
LogPluginManager: Mounting plugin GeometryProcessing
LogPluginManager: Mounting plugin EditableMesh
LogPluginManager: Mounting plugin GeometryCollectionPlugin
LogPluginManager: Mounting plugin ProceduralMeshComponent
LogPluginManager: Mounting plugin ChaosSolverPlugin
LogPluginManager: Mounting plugin ChaosNiagara
LogPluginManager: Mounting plugin Niagara
LogPluginManager: Mounting plugin CharacterAI
LogPluginManager: Mounting plugin PlatformCrypto
LogPluginManager: Mounting plugin MagicLeapPassableWorld
LogPluginManager: Mounting plugin MagicLeap
LogPluginManager: Mounting plugin MLSDK
LogPluginManager: Mounting plugin MagicLeapLightEstimation
LogPluginManager: Mounting plugin AvfMedia
LogPluginManager: Mounting plugin ImgMedia
LogPluginManager: Mounting plugin MediaCompositing
LogPluginManager: Mounting plugin WmfMedia
LogPluginManager: Mounting plugin MeshPainting
LogPluginManager: Mounting plugin TcpMessaging
LogPluginManager: Mounting plugin UdpMessaging
LogPluginManager: Mounting plugin ActorSequence
LogPluginManager: Mounting plugin LevelSequenceEditor
LogPluginManager: Mounting plugin MatineeToLevelSequence
LogPluginManager: Mounting plugin TemplateSequence
LogPluginManager: Mounting plugin MovieRenderPipeline
LogPluginManager: Mounting plugin EditorScriptingUtilities
LogPluginManager: Mounting plugin NetcodeUnitTest
LogPluginManager: Mounting plugin OnlineSubsystemNull
LogPluginManager: Mounting plugin OnlineSubsystem
LogPluginManager: Mounting plugin OnlineSubsystemUtils
LogPluginManager: Mounting plugin LauncherChunkInstaller
LogPluginManager: Mounting plugin AndroidPermission
LogPluginManager: Mounting plugin AppleImageUtils
LogPluginManager: Mounting plugin ArchVisCharacter
LogPluginManager: Mounting plugin AssetTags
LogPluginManager: Mounting plugin AudioCapture
LogPluginManager: Mounting plugin CableComponent
LogPluginManager: Mounting plugin CustomMeshComponent
LogPluginManager: Mounting plugin ExampleDeviceProfileSelector
LogPluginManager: Mounting plugin GooglePAD
LogPluginManager: Mounting plugin LocationServicesBPLibrary
LogPluginManager: Mounting plugin MobilePatchingUtils
LogPluginManager: Mounting plugin OculusVR
LogPluginManager: Mounting plugin PhysXVehicles
LogPluginManager: Mounting plugin RuntimePhysXCooking
LogPluginManager: Mounting plugin SoundFields
LogPluginManager: Mounting plugin SteamVR
LogPluginManager: Mounting plugin Synthesis
LogPluginManager: Mounting plugin WebMMoviePlayer
LogPluginManager: Mounting plugin WebMMedia
LogPluginManager: Mounting plugin WindowsMoviePlayer
LogInit: Using libcurl 7.55.1-DEV
LogInit:  - built for x86_64-pc-win32
LogInit:  - supports SSL with OpenSSL/1.1.1
LogInit:  - supports HTTP deflate (compression) using libz 1.2.8
LogInit:  - other features:
LogInit:      CURL_VERSION_SSL
LogInit:      CURL_VERSION_LIBZ
LogInit:      CURL_VERSION_IPV6
LogInit:      CURL_VERSION_ASYNCHDNS
LogInit:      CURL_VERSION_LARGEFILE
LogInit:      CURL_VERSION_IDN
LogInit:  CurlRequestOptions (configurable via config and command line):
LogInit:  - bVerifyPeer = true  - Libcurl will verify peer certificate
LogInit:  - bUseHttpProxy = false  - Libcurl will NOT use HTTP proxy
LogInit:  - bDontReuseConnections = false  - Libcurl will reuse connections
LogInit:  - MaxHostConnections = 16  - Libcurl will limit the number of connections to a host
LogInit:  - LocalHostAddr = Default
LogInit:  - BufferSize = 65536
LogOnline: OSS: Creating online subsystem instance for: NULL
LogInit: WinSock: version 1.1 (2.2), MaxSocks=32767, MaxUdp=65467
LogOnline: OSS: TryLoadSubsystemAndSetDefault: Loaded subsystem for module [NULL]
LogInit: Build: ++UE4+Release-4.25-CL-14469661
LogInit: Engine Version: 4.25.4-14469661+++UE4+Release-4.25
LogInit: Compatible Engine Version: 4.25.0-13144385+++UE4+Release-4.25
LogInit: Net CL: 13144385
LogInit: OS: Windows 10 (Release 1909) (), CPU: AMD Ryzen 5 3600 6-Core Processor              , GPU: NVIDIA GeForce RTX 2060 SUPER
LogInit: Compiled (64-bit): Oct 11 2020 08:22:12
LogInit: Compiled with Visual C++: 19.16.27032.01
LogInit: Build Configuration: Development
LogInit: Branch Name: ++UE4+Release-4.25
LogInit: Command Line: 
LogInit: Base Directory: E:/I.Doctor/WindowsNoEditor/IDoctor/Binaries/Win64/
LogInit: Allocator: binned2
LogInit: Installed Engine Build: 0
LogDevObjectVersion: Number of dev versions registered: 26
LogDevObjectVersion:   Dev-Blueprints (B0D832E4-1F89-4F0D-ACCF-7EB736FD4AA2): 10
LogDevObjectVersion:   Dev-Build (E1C64328-A22C-4D53-A36C-8E866417BD8C): 0
LogDevObjectVersion:   Dev-Core (375EC13C-06E4-48FB-B500-84F0262A717E): 4
LogDevObjectVersion:   Dev-Editor (E4B068ED-F494-42E9-A231-DA0B2E46BB41): 38
LogDevObjectVersion:   Dev-Framework (CFFC743F-43B0-4480-9391-14DF171D2073): 37
LogDevObjectVersion:   Dev-Mobile (B02B49B5-BB20-44E9-A304-32B752E40360): 2
LogDevObjectVersion:   Dev-Networking (A4E4105C-59A1-49B5-A7C5-40C4547EDFEE): 0
LogDevObjectVersion:   Dev-Online (39C831C9-5AE6-47DC-9A44-9C173E1C8E7C): 0
LogDevObjectVersion:   Dev-Physics (78F01B33-EBEA-4F98-B9B4-84EACCB95AA2): 4
LogDevObjectVersion:   Dev-Platform (6631380F-2D4D-43E0-8009-CF276956A95A): 0
LogDevObjectVersion:   Dev-Rendering (12F88B9F-8875-4AFC-A67C-D90C383ABD29): 43
LogDevObjectVersion:   Dev-Sequencer (7B5AE74C-D270-4C10-A958-57980B212A5A): 12
LogDevObjectVersion:   Dev-VR (D7296918-1DD6-4BDD-9DE2-64A83CC13884): 3
LogDevObjectVersion:   Dev-LoadTimes (C2A15278-BFE7-4AFE-6C17-90FF531DF755): 1
LogDevObjectVersion:   Private-Geometry (6EACA3D4-40EC-4CC1-B786-8BED09428FC5): 3
LogDevObjectVersion:   Dev-AnimPhys (29E575DD-E0A3-4627-9D10-D276232CDCEA): 17
LogDevObjectVersion:   Dev-Anim (AF43A65D-7FD3-4947-9873-3E8ED9C1BB05): 7
LogDevObjectVersion:   Dev-ReflectionCapture (6B266CEC-1EC7-4B8F-A30B-E4D90942FC07): 1
LogDevObjectVersion:   Dev-Automation (0DF73D61-A23F-47EA-B727-89E90C41499A): 1
LogDevObjectVersion:   FortniteMain (601D1886-AC64-4F84-AA16-D3DE0DEAC7D6): 31
LogDevObjectVersion:   Dev-Enterprise (9DFFBCD6-494F-0158-E221-12823C92A888): 10
LogDevObjectVersion:   Dev-Niagara (F2AED0AC-9AFE-416F-8664-AA7FFA26D6FC): 1
LogDevObjectVersion:   Dev-Destruction (174F1F0B-B4C6-45A5-B13F-2EE8D0FB917D): 10
LogDevObjectVersion:   Dev-Physics-Ext (35F94A83-E258-406C-A318-09F59610247C): 37
LogDevObjectVersion:   Dev-PhysicsMaterial-Chaos (B68FC16E-8B1B-42E2-B453-215C058844FE): 1
LogDevObjectVersion:   Dev-CineCamera (B2E18506-4273-CFC2-A54E-F4BB758BBA07): 1
LogInit: Presizing for max 2097152 objects, including 1 objects not considered by GC, pre-allocating 0 bytes for permanent pool.
LogConfig: Applying CVar settings from Section [/Script/Engine.StreamingSettings] File [../../../IDoctor/Saved/Config/WindowsNoEditor/Engine.ini]
LogConfig: Setting CVar [[s.MinBulkDataSizeForAsyncLoading:131072]]
LogConfig: Setting CVar [[s.AsyncLoadingThreadEnabled:0]]
LogConfig: Setting CVar [[s.EventDrivenLoaderEnabled:1]]
LogConfig: Setting CVar [[s.WarnIfTimeLimitExceeded:0]]
LogConfig: Setting CVar [[s.TimeLimitExceededMultiplier:1.5]]
LogConfig: Setting CVar [[s.TimeLimitExceededMinTime:0.005]]
LogConfig: Setting CVar [[s.UseBackgroundLevelStreaming:1]]
LogConfig: Setting CVar [[s.PriorityAsyncLoadingExtraTime:15.0]]
LogConfig: Setting CVar [[s.LevelStreamingActorsUpdateTimeLimit:5.0]]
LogConfig: Setting CVar [[s.PriorityLevelStreamingActorsUpdateExtraTime:5.0]]
LogConfig: Setting CVar [[s.LevelStreamingComponentsRegistrationGranularity:10]]
LogConfig: Setting CVar [[s.UnregisterComponentsTimeLimit:1.0]]
LogConfig: Setting CVar [[s.LevelStreamingComponentsUnregistrationGranularity:5]]
LogConfig: Setting CVar [[s.FlushStreamingOnExit:1]]
LogStreaming: Display: Async Loading initialized: Event Driven Loader: true, Async Loading Thread: false, Async Post Load: true
LogInit: Object subsystem initialized
LogConfig: Setting CVar [[con.DebugEarlyDefault:1]]
LogConfig: Setting CVar [[r.setres:1280x720]]
LogConfig: Setting CVar [[fx.NiagaraAllowRuntimeScalabilityChanges:1]]
[2020.12.14-23.08.34:845][  0]LogConfig: Setting CVar [[con.DebugEarlyDefault:1]]
[2020.12.14-23.08.34:845][  0]LogConfig: Setting CVar [[r.setres:1280x720]]
[2020.12.14-23.08.34:845][  0]LogConfig: Setting CVar [[fx.NiagaraAllowRuntimeScalabilityChanges:1]]
[2020.12.14-23.08.34:845][  0]LogConfig: Applying CVar settings from Section [/Script/Engine.RendererSettings] File [../../../IDoctor/Saved/Config/WindowsNoEditor/Engine.ini]
[2020.12.14-23.08.34:845][  0]LogConfig: Setting CVar [[r.GPUCrashDebugging:0]]
[2020.12.14-23.08.34:845][  0]LogConfig: Setting CVar [[r.AllowStaticLighting:1]]
[2020.12.14-23.08.34:845][  0]LogConfig: Applying CVar settings from Section [/Script/Engine.RendererOverrideSettings] File [../../../IDoctor/Saved/Config/WindowsNoEditor/Engine.ini]
[2020.12.14-23.08.34:845][  0]LogConfig: Applying CVar settings from Section [/Script/Engine.StreamingSettings] File [../../../IDoctor/Saved/Config/WindowsNoEditor/Engine.ini]
[2020.12.14-23.08.34:845][  0]LogConfig: Setting CVar [[s.MinBulkDataSizeForAsyncLoading:131072]]
[2020.12.14-23.08.34:845][  0]LogConfig: Setting CVar [[s.AsyncLoadingThreadEnabled:0]]
[2020.12.14-23.08.34:845][  0]LogConfig: Setting CVar [[s.EventDrivenLoaderEnabled:1]]
[2020.12.14-23.08.34:845][  0]LogConfig: Setting CVar [[s.WarnIfTimeLimitExceeded:0]]
[2020.12.14-23.08.34:845][  0]LogConfig: Setting CVar [[s.TimeLimitExceededMultiplier:1.5]]
[2020.12.14-23.08.34:845][  0]LogConfig: Setting CVar [[s.TimeLimitExceededMinTime:0.005]]
[2020.12.14-23.08.34:845][  0]LogConfig: Setting CVar [[s.UseBackgroundLevelStreaming:1]]
[2020.12.14-23.08.34:845][  0]LogConfig: Setting CVar [[s.PriorityAsyncLoadingExtraTime:15.0]]
[2020.12.14-23.08.34:845][  0]LogConfig: Setting CVar [[s.LevelStreamingActorsUpdateTimeLimit:5.0]]
[2020.12.14-23.08.34:845][  0]LogConfig: Setting CVar [[s.PriorityLevelStreamingActorsUpdateExtraTime:5.0]]
[2020.12.14-23.08.34:845][  0]LogConfig: Setting CVar [[s.LevelStreamingComponentsRegistrationGranularity:10]]
[2020.12.14-23.08.34:845][  0]LogConfig: Setting CVar [[s.UnregisterComponentsTimeLimit:1.0]]
[2020.12.14-23.08.34:845][  0]LogConfig: Setting CVar [[s.LevelStreamingComponentsUnregistrationGranularity:5]]
[2020.12.14-23.08.34:845][  0]LogConfig: Setting CVar [[s.FlushStreamingOnExit:1]]
[2020.12.14-23.08.34:845][  0]LogConfig: Applying CVar settings from Section [/Script/Engine.GarbageCollectionSettings] File [../../../IDoctor/Saved/Config/WindowsNoEditor/Engine.ini]
[2020.12.14-23.08.34:845][  0]LogConfig: Setting CVar [[gc.MaxObjectsNotConsideredByGC:1]]
[2020.12.14-23.08.34:845][  0]LogConfig: Setting CVar [[gc.SizeOfPermanentObjectPool:0]]
[2020.12.14-23.08.34:845][  0]LogConfig: Setting CVar [[gc.FlushStreamingOnGC:0]]
[2020.12.14-23.08.34:845][  0]LogConfig: Setting CVar [[gc.NumRetriesBeforeForcingGC:10]]
[2020.12.14-23.08.34:845][  0]LogConfig: Setting CVar [[gc.AllowParallelGC:1]]
[2020.12.14-23.08.34:845][  0]LogConfig: Setting CVar [[gc.TimeBetweenPurgingPendingKillObjects:61.1]]
[2020.12.14-23.08.34:845][  0]LogConfig: Setting CVar [[gc.MaxObjectsInEditor:25165824]]
[2020.12.14-23.08.34:845][  0]LogConfig: Setting CVar [[gc.IncrementalBeginDestroyEnabled:1]]
[2020.12.14-23.08.34:845][  0]LogConfig: Setting CVar [[gc.CreateGCClusters:1]]
[2020.12.14-23.08.34:845][  0]LogConfig: Setting CVar [[gc.MinGCClusterSize:5]]
[2020.12.14-23.08.34:845][  0]LogConfig: Setting CVar [[gc.ActorClusteringEnabled:0]]
[2020.12.14-23.08.34:845][  0]LogConfig: Setting CVar [[gc.BlueprintClusteringEnabled:0]]
[2020.12.14-23.08.34:845][  0]LogConfig: Setting CVar [[gc.UseDisregardForGCOnDedicatedServers:0]]
[2020.12.14-23.08.34:845][  0]LogConfig: Applying CVar settings from Section [/Script/Engine.NetworkSettings] File [../../../IDoctor/Saved/Config/WindowsNoEditor/Engine.ini]
[2020.12.14-23.08.34:848][  0]LogConfig: Applying CVar settings from Section [ViewDistanceQuality@3] File [../../../IDoctor/Saved/Config/WindowsNoEditor/Scalability.ini]
[2020.12.14-23.08.34:848][  0]LogConfig: Setting CVar [[r.SkeletalMeshLODBias:0]]
[2020.12.14-23.08.34:848][  0]LogConfig: Setting CVar [[r.ViewDistanceScale:1.0]]
[2020.12.14-23.08.34:848][  0]LogConfig: Applying CVar settings from Section [AntiAliasingQuality@3] File [../../../IDoctor/Saved/Config/WindowsNoEditor/Scalability.ini]
[2020.12.14-23.08.34:848][  0]LogConfig: Setting CVar [[r.PostProcessAAQuality:4]]
[2020.12.14-23.08.34:848][  0]LogConfig: Applying CVar settings from Section [ShadowQuality@3] File [../../../IDoctor/Saved/Config/WindowsNoEditor/Scalability.ini]
[2020.12.14-23.08.34:848][  0]LogConfig: Setting CVar [[r.LightFunctionQuality:1]]
[2020.12.14-23.08.34:848][  0]LogConfig: Setting CVar [[r.ShadowQuality:5]]
[2020.12.14-23.08.34:848][  0]LogConfig: Setting CVar [[r.Shadow.CSM.MaxCascades:10]]
[2020.12.14-23.08.34:848][  0]LogConfig: Setting CVar [[r.Shadow.MaxResolution:2048]]
[2020.12.14-23.08.34:848][  0]LogConfig: Setting CVar [[r.Shadow.MaxCSMResolution:2048]]
[2020.12.14-23.08.34:848][  0]LogConfig: Setting CVar [[r.Shadow.RadiusThreshold:0.01]]
[2020.12.14-23.08.34:848][  0]LogConfig: Setting CVar [[r.Shadow.DistanceScale:1.0]]
[2020.12.14-23.08.34:848][  0]LogConfig: Setting CVar [[r.Shadow.CSM.TransitionScale:1.0]]
[2020.12.14-23.08.34:848][  0]LogConfig: Setting CVar [[r.Shadow.PreShadowResolutionFactor:1.0]]
[2020.12.14-23.08.34:848][  0]LogConfig: Setting CVar [[r.DistanceFieldShadowing:1]]
[2020.12.14-23.08.34:848][  0]LogConfig: Setting CVar [[r.DistanceFieldAO:1]]
[2020.12.14-23.08.34:848][  0]LogConfig: Setting CVar [[r.AOQuality:2]]
[2020.12.14-23.08.34:848][  0]LogConfig: Setting CVar [[r.VolumetricFog:1]]
[2020.12.14-23.08.34:848][  0]LogConfig: Setting CVar [[r.VolumetricFog.GridPixelSize:8]]
[2020.12.14-23.08.34:848][  0]LogConfig: Setting CVar [[r.VolumetricFog.GridSizeZ:128]]
[2020.12.14-23.08.34:848][  0]LogConfig: Setting CVar [[r.VolumetricFog.HistoryMissSupersampleCount:4]]
[2020.12.14-23.08.34:848][  0]LogConfig: Setting CVar [[r.LightMaxDrawDistanceScale:1]]
[2020.12.14-23.08.34:848][  0]LogConfig: Setting CVar [[r.CapsuleShadows:1]]
[2020.12.14-23.08.34:848][  0]LogConfig: Applying CVar settings from Section [PostProcessQuality@3] File [../../../IDoctor/Saved/Config/WindowsNoEditor/Scalability.ini]
[2020.12.14-23.08.34:848][  0]LogConfig: Setting CVar [[r.MotionBlurQuality:4]]
[2020.12.14-23.08.34:848][  0]LogConfig: Setting CVar [[r.AmbientOcclusionMipLevelFactor:0.4]]
[2020.12.14-23.08.34:848][  0]LogConfig: Setting CVar [[r.AmbientOcclusionMaxQuality:100]]
[2020.12.14-23.08.34:848][  0]LogConfig: Setting CVar [[r.AmbientOcclusionLevels:-1]]
[2020.12.14-23.08.34:848][  0]LogConfig: Setting CVar [[r.AmbientOcclusionRadiusScale:1.0]]
[2020.12.14-23.08.34:848][  0]LogConfig: Setting CVar [[r.DepthOfFieldQuality:2]]
[2020.12.14-23.08.34:848][  0]LogConfig: Setting CVar [[r.RenderTargetPoolMin:400]]
[2020.12.14-23.08.34:848][  0]LogConfig: Setting CVar [[r.LensFlareQuality:2]]
[2020.12.14-23.08.34:848][  0]LogConfig: Setting CVar [[r.SceneColorFringeQuality:1]]
[2020.12.14-23.08.34:848][  0]LogConfig: Setting CVar [[r.EyeAdaptationQuality:2]]
[2020.12.14-23.08.34:849][  0]LogConfig: Setting CVar [[r.BloomQuality:5]]
[2020.12.14-23.08.34:849][  0]LogConfig: Setting CVar [[r.FastBlurThreshold:100]]
[2020.12.14-23.08.34:849][  0]LogConfig: Setting CVar [[r.Upscale.Quality:3]]
[2020.12.14-23.08.34:849][  0]LogConfig: Setting CVar [[r.Tonemapper.GrainQuantization:1]]
[2020.12.14-23.08.34:849][  0]LogConfig: Setting CVar [[r.LightShaftQuality:1]]
[2020.12.14-23.08.34:849][  0]LogConfig: Setting CVar [[r.Filter.SizeScale:1]]
[2020.12.14-23.08.34:849][  0]LogConfig: Setting CVar [[r.Tonemapper.Quality:5]]
[2020.12.14-23.08.34:849][  0]LogConfig: Setting CVar [[r.DOF.Gather.AccumulatorQuality:1        ; higher gathering accumulator quality]]
[2020.12.14-23.08.34:849][  0]LogConfig: Setting CVar [[r.DOF.Gather.PostfilterMethod:1          ; Median3x3 postfilering method]]
[2020.12.14-23.08.34:849][  0]LogConfig: Setting CVar [[r.DOF.Gather.EnableBokehSettings:0       ; no bokeh simulation when gathering]]
[2020.12.14-23.08.34:849][  0]LogConfig: Setting CVar [[r.DOF.Gather.RingCount:4                 ; medium number of samples when gathering]]
[2020.12.14-23.08.34:849][  0]LogConfig: Setting CVar [[r.DOF.Scatter.ForegroundCompositing:1    ; additive foreground scattering]]
[2020.12.14-23.08.34:849][  0]LogConfig: Setting CVar [[r.DOF.Scatter.BackgroundCompositing:2    ; additive background scattering]]
[2020.12.14-23.08.34:849][  0]LogConfig: Setting CVar [[r.DOF.Scatter.EnableBokehSettings:1      ; bokeh simulation when scattering]]
[2020.12.14-23.08.34:849][  0]LogConfig: Setting CVar [[r.DOF.Scatter.MaxSpriteRatio:0.1         ; only a maximum of 10% of scattered bokeh]]
[2020.12.14-23.08.34:849][  0]LogConfig: Setting CVar [[r.DOF.Recombine.Quality:1                ; cheap slight out of focus]]
[2020.12.14-23.08.34:849][  0]LogConfig: Setting CVar [[r.DOF.Recombine.EnableBokehSettings:0    ; no bokeh simulation on slight out of focus]]
[2020.12.14-23.08.34:849][  0]LogConfig: Setting CVar [[r.DOF.TemporalAAQuality:1                ; more stable temporal accumulation]]
[2020.12.14-23.08.34:849][  0]LogConfig: Setting CVar [[r.DOF.Kernel.MaxForegroundRadius:0.025]]
[2020.12.14-23.08.34:849][  0]LogConfig: Setting CVar [[r.DOF.Kernel.MaxBackgroundRadius:0.025]]
[2020.12.14-23.08.34:849][  0]LogConfig: Applying CVar settings from Section [TextureQuality@3] File [../../../IDoctor/Saved/Config/WindowsNoEditor/Scalability.ini]
[2020.12.14-23.08.34:849][  0]LogConfig: Setting CVar [[r.Streaming.MipBias:0]]
[2020.12.14-23.08.34:849][  0]LogConfig: Setting CVar [[r.Streaming.AmortizeCPUToGPUCopy:0]]
[2020.12.14-23.08.34:849][  0]LogConfig: Setting CVar [[r.Streaming.MaxNumTexturesToStreamPerFrame:0]]
[2020.12.14-23.08.34:849][  0]LogConfig: Setting CVar [[r.Streaming.Boost:1]]
[2020.12.14-23.08.34:849][  0]LogConfig: Setting CVar [[r.MaxAnisotropy:8]]
[2020.12.14-23.08.34:849][  0]LogConfig: Setting CVar [[r.VT.MaxAnisotropy:8]]
[2020.12.14-23.08.34:849][  0]LogConfig: Setting CVar [[r.Streaming.LimitPoolSizeToVRAM:0]]
[2020.12.14-23.08.34:849][  0]LogConfig: Setting CVar [[r.Streaming.PoolSize:1000]]
[2020.12.14-23.08.34:849][  0]LogConfig: Setting CVar [[r.Streaming.MaxEffectiveScreenSize:0]]
[2020.12.14-23.08.34:849][  0]LogConfig: Applying CVar settings from Section [EffectsQuality@3] File [../../../IDoctor/Saved/Config/WindowsNoEditor/Scalability.ini]
[2020.12.14-23.08.34:849][  0]LogConfig: Setting CVar [[r.TranslucencyLightingVolumeDim:64]]
[2020.12.14-23.08.34:849][  0]LogConfig: Setting CVar [[r.RefractionQuality:2]]
[2020.12.14-23.08.34:849][  0]LogConfig: Setting CVar [[r.SSR.Quality:3]]
[2020.12.14-23.08.34:849][  0]LogConfig: Setting CVar [[r.SSR.HalfResSceneColor:0]]
[2020.12.14-23.08.34:849][  0]LogConfig: Setting CVar [[r.SceneColorFormat:4]]
[2020.12.14-23.08.34:849][  0]LogConfig: Setting CVar [[r.DetailMode:2]]
[2020.12.14-23.08.34:849][  0]LogConfig: Setting CVar [[r.TranslucencyVolumeBlur:1]]
[2020.12.14-23.08.34:849][  0]LogConfig: Setting CVar [[r.MaterialQualityLevel:1 ; High quality]]
[2020.12.14-23.08.34:849][  0]LogConfig: Setting CVar [[r.SSS.Scale:1]]
[2020.12.14-23.08.34:849][  0]LogConfig: Setting CVar [[r.SSS.SampleSet:2]]
[2020.12.14-23.08.34:849][  0]LogConfig: Setting CVar [[r.SSS.Quality:1]]
[2020.12.14-23.08.34:849][  0]LogConfig: Setting CVar [[r.SSS.HalfRes:0]]
[2020.12.14-23.08.34:849][  0]LogConfig: Setting CVar [[r.SSGI.Quality:3]]
[2020.12.14-23.08.34:849][  0]LogConfig: Setting CVar [[r.EmitterSpawnRateScale:1.0]]
[2020.12.14-23.08.34:849][  0]LogConfig: Setting CVar [[r.ParticleLightQuality:2]]
[2020.12.14-23.08.34:849][  0]LogConfig: Setting CVar [[r.SkyAtmosphere.AerialPerspectiveLUT.FastApplyOnOpaque:1 ; Always have FastSkyLUT 1 in this case to avoid wrong sky]]
[2020.12.14-23.08.34:849][  0]LogConfig: Setting CVar [[r.SkyAtmosphere.AerialPerspectiveLUT.SampleCountPerSlice:1]]
[2020.12.14-23.08.34:849][  0]LogConfig: Setting CVar [[r.SkyAtmosphere.AerialPerspectiveLUT.DepthResolution:16.0]]
[2020.12.14-23.08.34:849][  0]LogConfig: Setting CVar [[r.SkyAtmosphere.FastSkyLUT:1]]
[2020.12.14-23.08.34:849][  0]LogConfig: Setting CVar [[r.SkyAtmosphere.FastSkyLUT.SampleCountMin:4.0]]
[2020.12.14-23.08.34:849][  0]LogConfig: Setting CVar [[r.SkyAtmosphere.FastSkyLUT.SampleCountMax:32.0]]
[2020.12.14-23.08.34:849][  0]LogConfig: Setting CVar [[r.SkyAtmosphere.SampleCountMin:4.0]]
[2020.12.14-23.08.34:849][  0]LogConfig: Setting CVar [[r.SkyAtmosphere.SampleCountMax:32.0]]
[2020.12.14-23.08.34:849][  0]LogConfig: Setting CVar [[r.SkyAtmosphere.TransmittanceLUT.UseSmallFormat:0]]
[2020.12.14-23.08.34:849][  0]LogConfig: Setting CVar [[r.SkyAtmosphere.TransmittanceLUT.SampleCount:10.0]]
[2020.12.14-23.08.34:849][  0]LogConfig: Setting CVar [[r.SkyAtmosphere.MultiScatteringLUT.SampleCount:15.0]]
[2020.12.14-23.08.34:849][  0]LogConfig: Setting CVar [[fx.Niagara.QualityLevel:3]]
[2020.12.14-23.08.34:849][  0]LogConfig: Applying CVar settings from Section [FoliageQuality@3] File [../../../IDoctor/Saved/Config/WindowsNoEditor/Scalability.ini]
[2020.12.14-23.08.34:849][  0]LogConfig: Setting CVar [[foliage.DensityScale:1.0]]
[2020.12.14-23.08.34:849][  0]LogConfig: Setting CVar [[grass.DensityScale:1.0]]
[2020.12.14-23.08.34:849][  0]LogConfig: Applying CVar settings from Section [ShadingQuality@3] File [../../../IDoctor/Saved/Config/WindowsNoEditor/Scalability.ini]
[2020.12.14-23.08.34:849][  0]LogConfig: Setting CVar [[r.HairStrands.SkyLighting.SampleCount:16]]
[2020.12.14-23.08.34:849][  0]LogConfig: Setting CVar [[r.HairStrands.SkyLighting.JitterIntegration:0]]
[2020.12.14-23.08.34:849][  0]LogConfig: Setting CVar [[r.HairStrands.SkyAO.SampleCount:16]]
[2020.12.14-23.08.34:849][  0]LogConfig: Setting CVar [[r.HairStrands.DeepShadow.SuperSampling:0]]
[2020.12.14-23.08.34:849][  0]LogConfig: Setting CVar [[r.HairStrands.VisibilityPPLL:0]]
[2020.12.14-23.08.34:849][  0]LogConfig: Setting CVar [[r.HairStrands.RasterizationScale:0.5]]
[2020.12.14-23.08.34:849][  0]LogConfig: Setting CVar [[r.HairStrands.VelocityRasterizationScale:1]]
[2020.12.14-23.08.34:849][  0]LogInit: Selected Device Profile: [WindowsNoEditor]
[2020.12.14-23.08.34:849][  0]LogInit: Applying CVar settings loaded from the selected device profile: [WindowsNoEditor]
[2020.12.14-23.08.34:849][  0]LogHAL: Display: Platform has ~ 16 GB [17111003136 / 17179869184 / 16], which maps to Larger [LargestMinGB=32, LargerMinGB=12, DefaultMinGB=8, SmallerMinGB=6, SmallestMinGB=0)
[2020.12.14-23.08.34:849][  0]LogInit: Going up to parent DeviceProfile [Windows]
[2020.12.14-23.08.34:849][  0]LogInit: Going up to parent DeviceProfile []
[2020.12.14-23.08.34:849][  0]LogConfig: Applying CVar settings from Section [ViewDistanceQuality@3] File [../../../IDoctor/Saved/Config/WindowsNoEditor/Scalability.ini]
[2020.12.14-23.08.34:849][  0]LogConfig: Setting CVar [[r.SkeletalMeshLODBias:0]]
[2020.12.14-23.08.34:849][  0]LogConfig: Setting CVar [[r.ViewDistanceScale:1.0]]
[2020.12.14-23.08.34:849][  0]LogConfig: Applying CVar settings from Section [AntiAliasingQuality@3] File [../../../IDoctor/Saved/Config/WindowsNoEditor/Scalability.ini]
[2020.12.14-23.08.34:849][  0]LogConfig: Setting CVar [[r.PostProcessAAQuality:4]]
[2020.12.14-23.08.34:849][  0]LogConfig: Applying CVar settings from Section [ShadowQuality@3] File [../../../IDoctor/Saved/Config/WindowsNoEditor/Scalability.ini]
[2020.12.14-23.08.34:849][  0]LogConfig: Setting CVar [[r.LightFunctionQuality:1]]
[2020.12.14-23.08.34:849][  0]LogConfig: Setting CVar [[r.ShadowQuality:5]]
[2020.12.14-23.08.34:849][  0]LogConfig: Setting CVar [[r.Shadow.CSM.MaxCascades:10]]
[2020.12.14-23.08.34:849][  0]LogConfig: Setting CVar [[r.Shadow.MaxResolution:2048]]
[2020.12.14-23.08.34:849][  0]LogConfig: Setting CVar [[r.Shadow.MaxCSMResolution:2048]]
[2020.12.14-23.08.34:849][  0]LogConfig: Setting CVar [[r.Shadow.RadiusThreshold:0.01]]
[2020.12.14-23.08.34:849][  0]LogConfig: Setting CVar [[r.Shadow.DistanceScale:1.0]]
[2020.12.14-23.08.34:849][  0]LogConfig: Setting CVar [[r.Shadow.CSM.TransitionScale:1.0]]
[2020.12.14-23.08.34:849][  0]LogConfig: Setting CVar [[r.Shadow.PreShadowResolutionFactor:1.0]]
[2020.12.14-23.08.34:849][  0]LogConfig: Setting CVar [[r.DistanceFieldShadowing:1]]
[2020.12.14-23.08.34:849][  0]LogConfig: Setting CVar [[r.DistanceFieldAO:1]]
[2020.12.14-23.08.34:849][  0]LogConfig: Setting CVar [[r.AOQuality:2]]
[2020.12.14-23.08.34:849][  0]LogConfig: Setting CVar [[r.VolumetricFog:1]]
[2020.12.14-23.08.34:850][  0]LogConfig: Setting CVar [[r.VolumetricFog.GridPixelSize:8]]
[2020.12.14-23.08.34:850][  0]LogConfig: Setting CVar [[r.VolumetricFog.GridSizeZ:128]]
[2020.12.14-23.08.34:850][  0]LogConfig: Setting CVar [[r.VolumetricFog.HistoryMissSupersampleCount:4]]
[2020.12.14-23.08.34:850][  0]LogConfig: Setting CVar [[r.LightMaxDrawDistanceScale:1]]
[2020.12.14-23.08.34:850][  0]LogConfig: Setting CVar [[r.CapsuleShadows:1]]
[2020.12.14-23.08.34:850][  0]LogConfig: Applying CVar settings from Section [PostProcessQuality@3] File [../../../IDoctor/Saved/Config/WindowsNoEditor/Scalability.ini]
[2020.12.14-23.08.34:850][  0]LogConfig: Setting CVar [[r.MotionBlurQuality:4]]
[2020.12.14-23.08.34:850][  0]LogConfig: Setting CVar [[r.AmbientOcclusionMipLevelFactor:0.4]]
[2020.12.14-23.08.34:850][  0]LogConfig: Setting CVar [[r.AmbientOcclusionMaxQuality:100]]
[2020.12.14-23.08.34:850][  0]LogConfig: Setting CVar [[r.AmbientOcclusionLevels:-1]]
[2020.12.14-23.08.34:850][  0]LogConfig: Setting CVar [[r.AmbientOcclusionRadiusScale:1.0]]
[2020.12.14-23.08.34:850][  0]LogConfig: Setting CVar [[r.DepthOfFieldQuality:2]]
[2020.12.14-23.08.34:850][  0]LogConfig: Setting CVar [[r.RenderTargetPoolMin:400]]
[2020.12.14-23.08.34:850][  0]LogConfig: Setting CVar [[r.LensFlareQuality:2]]
[2020.12.14-23.08.34:850][  0]LogConfig: Setting CVar [[r.SceneColorFringeQuality:1]]
[2020.12.14-23.08.34:850][  0]LogConfig: Setting CVar [[r.EyeAdaptationQuality:2]]
[2020.12.14-23.08.34:850][  0]LogConfig: Setting CVar [[r.BloomQuality:5]]
[2020.12.14-23.08.34:850][  0]LogConfig: Setting CVar [[r.FastBlurThreshold:100]]
[2020.12.14-23.08.34:850][  0]LogConfig: Setting CVar [[r.Upscale.Quality:3]]
[2020.12.14-23.08.34:850][  0]LogConfig: Setting CVar [[r.Tonemapper.GrainQuantization:1]]
[2020.12.14-23.08.34:850][  0]LogConfig: Setting CVar [[r.LightShaftQuality:1]]
[2020.12.14-23.08.34:850][  0]LogConfig: Setting CVar [[r.Filter.SizeScale:1]]
[2020.12.14-23.08.34:850][  0]LogConfig: Setting CVar [[r.Tonemapper.Quality:5]]
[2020.12.14-23.08.34:850][  0]LogConfig: Setting CVar [[r.DOF.Gather.AccumulatorQuality:1        ; higher gathering accumulator quality]]
[2020.12.14-23.08.34:850][  0]LogConfig: Setting CVar [[r.DOF.Gather.PostfilterMethod:1          ; Median3x3 postfilering method]]
[2020.12.14-23.08.34:850][  0]LogConfig: Setting CVar [[r.DOF.Gather.EnableBokehSettings:0       ; no bokeh simulation when gathering]]
[2020.12.14-23.08.34:850][  0]LogConfig: Setting CVar [[r.DOF.Gather.RingCount:4                 ; medium number of samples when gathering]]
[2020.12.14-23.08.34:850][  0]LogConfig: Setting CVar [[r.DOF.Scatter.ForegroundCompositing:1    ; additive foreground scattering]]
[2020.12.14-23.08.34:850][  0]LogConfig: Setting CVar [[r.DOF.Scatter.BackgroundCompositing:2    ; additive background scattering]]
[2020.12.14-23.08.34:850][  0]LogConfig: Setting CVar [[r.DOF.Scatter.EnableBokehSettings:1      ; bokeh simulation when scattering]]
[2020.12.14-23.08.34:850][  0]LogConfig: Setting CVar [[r.DOF.Scatter.MaxSpriteRatio:0.1         ; only a maximum of 10% of scattered bokeh]]
[2020.12.14-23.08.34:850][  0]LogConfig: Setting CVar [[r.DOF.Recombine.Quality:1                ; cheap slight out of focus]]
[2020.12.14-23.08.34:850][  0]LogConfig: Setting CVar [[r.DOF.Recombine.EnableBokehSettings:0    ; no bokeh simulation on slight out of focus]]
[2020.12.14-23.08.34:850][  0]LogConfig: Setting CVar [[r.DOF.TemporalAAQuality:1                ; more stable temporal accumulation]]
[2020.12.14-23.08.34:850][  0]LogConfig: Setting CVar [[r.DOF.Kernel.MaxForegroundRadius:0.025]]
[2020.12.14-23.08.34:850][  0]LogConfig: Setting CVar [[r.DOF.Kernel.MaxBackgroundRadius:0.025]]
[2020.12.14-23.08.34:850][  0]LogConfig: Applying CVar settings from Section [TextureQuality@3] File [../../../IDoctor/Saved/Config/WindowsNoEditor/Scalability.ini]
[2020.12.14-23.08.34:850][  0]LogConfig: Setting CVar [[r.Streaming.MipBias:0]]
[2020.12.14-23.08.34:850][  0]LogConfig: Setting CVar [[r.Streaming.AmortizeCPUToGPUCopy:0]]
[2020.12.14-23.08.34:850][  0]LogConfig: Setting CVar [[r.Streaming.MaxNumTexturesToStreamPerFrame:0]]
[2020.12.14-23.08.34:850][  0]LogConfig: Setting CVar [[r.Streaming.Boost:1]]
[2020.12.14-23.08.34:850][  0]LogConfig: Setting CVar [[r.MaxAnisotropy:8]]
[2020.12.14-23.08.34:850][  0]LogConfig: Setting CVar [[r.VT.MaxAnisotropy:8]]
[2020.12.14-23.08.34:850][  0]LogConfig: Setting CVar [[r.Streaming.LimitPoolSizeToVRAM:0]]
[2020.12.14-23.08.34:850][  0]LogConfig: Setting CVar [[r.Streaming.PoolSize:1000]]
[2020.12.14-23.08.34:850][  0]LogConfig: Setting CVar [[r.Streaming.MaxEffectiveScreenSize:0]]
[2020.12.14-23.08.34:850][  0]LogConfig: Applying CVar settings from Section [EffectsQuality@3] File [../../../IDoctor/Saved/Config/WindowsNoEditor/Scalability.ini]
[2020.12.14-23.08.34:850][  0]LogConfig: Setting CVar [[r.TranslucencyLightingVolumeDim:64]]
[2020.12.14-23.08.34:850][  0]LogConfig: Setting CVar [[r.RefractionQuality:2]]
[2020.12.14-23.08.34:850][  0]LogConfig: Setting CVar [[r.SSR.Quality:3]]
[2020.12.14-23.08.34:850][  0]LogConfig: Setting CVar [[r.SSR.HalfResSceneColor:0]]
[2020.12.14-23.08.34:850][  0]LogConfig: Setting CVar [[r.SceneColorFormat:4]]
[2020.12.14-23.08.34:850][  0]LogConfig: Setting CVar [[r.DetailMode:2]]
[2020.12.14-23.08.34:850][  0]LogConfig: Setting CVar [[r.TranslucencyVolumeBlur:1]]
[2020.12.14-23.08.34:850][  0]LogConfig: Setting CVar [[r.MaterialQualityLevel:1 ; High quality]]
[2020.12.14-23.08.34:850][  0]LogConfig: Setting CVar [[r.SSS.Scale:1]]
[2020.12.14-23.08.34:850][  0]LogConfig: Setting CVar [[r.SSS.SampleSet:2]]
[2020.12.14-23.08.34:850][  0]LogConfig: Setting CVar [[r.SSS.Quality:1]]
[2020.12.14-23.08.34:850][  0]LogConfig: Setting CVar [[r.SSS.HalfRes:0]]
[2020.12.14-23.08.34:850][  0]LogConfig: Setting CVar [[r.SSGI.Quality:3]]
[2020.12.14-23.08.34:850][  0]LogConfig: Setting CVar [[r.EmitterSpawnRateScale:1.0]]
[2020.12.14-23.08.34:850][  0]LogConfig: Setting CVar [[r.ParticleLightQuality:2]]
[2020.12.14-23.08.34:850][  0]LogConfig: Setting CVar [[r.SkyAtmosphere.AerialPerspectiveLUT.FastApplyOnOpaque:1 ; Always have FastSkyLUT 1 in this case to avoid wrong sky]]
[2020.12.14-23.08.34:850][  0]LogConfig: Setting CVar [[r.SkyAtmosphere.AerialPerspectiveLUT.SampleCountPerSlice:1]]
[2020.12.14-23.08.34:850][  0]LogConfig: Setting CVar [[r.SkyAtmosphere.AerialPerspectiveLUT.DepthResolution:16.0]]
[2020.12.14-23.08.34:850][  0]LogConfig: Setting CVar [[r.SkyAtmosphere.FastSkyLUT:1]]
[2020.12.14-23.08.34:850][  0]LogConfig: Setting CVar [[r.SkyAtmosphere.FastSkyLUT.SampleCountMin:4.0]]
[2020.12.14-23.08.34:850][  0]LogConfig: Setting CVar [[r.SkyAtmosphere.FastSkyLUT.SampleCountMax:32.0]]
[2020.12.14-23.08.34:850][  0]LogConfig: Setting CVar [[r.SkyAtmosphere.SampleCountMin:4.0]]
[2020.12.14-23.08.34:850][  0]LogConfig: Setting CVar [[r.SkyAtmosphere.SampleCountMax:32.0]]
[2020.12.14-23.08.34:850][  0]LogConfig: Setting CVar [[r.SkyAtmosphere.TransmittanceLUT.UseSmallFormat:0]]
[2020.12.14-23.08.34:850][  0]LogConfig: Setting CVar [[r.SkyAtmosphere.TransmittanceLUT.SampleCount:10.0]]
[2020.12.14-23.08.34:850][  0]LogConfig: Setting CVar [[r.SkyAtmosphere.MultiScatteringLUT.SampleCount:15.0]]
[2020.12.14-23.08.34:850][  0]LogConfig: Setting CVar [[fx.Niagara.QualityLevel:3]]
[2020.12.14-23.08.34:850][  0]LogConfig: Applying CVar settings from Section [FoliageQuality@3] File [../../../IDoctor/Saved/Config/WindowsNoEditor/Scalability.ini]
[2020.12.14-23.08.34:850][  0]LogConfig: Setting CVar [[foliage.DensityScale:1.0]]
[2020.12.14-23.08.34:850][  0]LogConfig: Setting CVar [[grass.DensityScale:1.0]]
[2020.12.14-23.08.34:850][  0]LogConfig: Applying CVar settings from Section [ShadingQuality@3] File [../../../IDoctor/Saved/Config/WindowsNoEditor/Scalability.ini]
[2020.12.14-23.08.34:850][  0]LogConfig: Setting CVar [[r.HairStrands.SkyLighting.SampleCount:16]]
[2020.12.14-23.08.34:850][  0]LogConfig: Setting CVar [[r.HairStrands.SkyLighting.JitterIntegration:0]]
[2020.12.14-23.08.34:850][  0]LogConfig: Setting CVar [[r.HairStrands.SkyAO.SampleCount:16]]
[2020.12.14-23.08.34:850][  0]LogConfig: Setting CVar [[r.HairStrands.DeepShadow.SuperSampling:0]]
[2020.12.14-23.08.34:850][  0]LogConfig: Setting CVar [[r.HairStrands.VisibilityPPLL:0]]
[2020.12.14-23.08.34:850][  0]LogConfig: Setting CVar [[r.HairStrands.RasterizationScale:0.5]]
[2020.12.14-23.08.34:850][  0]LogConfig: Setting CVar [[r.HairStrands.VelocityRasterizationScale:1]]
[2020.12.14-23.08.34:850][  0]LogConfig: Applying CVar settings from Section [Startup] File [../../../Engine/Config/ConsoleVariables.ini]
[2020.12.14-23.08.34:850][  0]LogConfig: Setting CVar [[net.UseAdaptiveNetUpdateFrequency:0]]
[2020.12.14-23.08.34:850][  0]LogConfig: Setting CVar [[p.chaos.AllowCreatePhysxBodies:1]]
[2020.12.14-23.08.34:850][  0]LogConfig: Setting CVar [[fx.SkipVectorVMBackendOptimizations:1]]
[2020.12.14-23.08.34:851][  0]LogConfig: Applying CVar settings from Section [ConsoleVariables] File [../../../IDoctor/Saved/Config/WindowsNoEditor/Engine.ini]
[2020.12.14-23.08.34:851][  0]LogInit: Computer: DESKTOP-77GVSFG
[2020.12.14-23.08.34:851][  0]LogInit: User: ManDu
[2020.12.14-23.08.34:851][  0]LogInit: CPU Page size=4096, Cores=6
[2020.12.14-23.08.34:851][  0]LogInit: High frequency timer resolution =10.000000 MHz
[2020.12.14-23.08.34:851][  0]LogMemory: Memory total: Physical=15.9GB (16GB approx)
[2020.12.14-23.08.34:851][  0]LogMemory: Platform Memory Stats for WindowsNoEditor
[2020.12.14-23.08.34:851][  0]LogMemory: Process Physical Memory: 65.10 MB used, 65.11 MB peak
[2020.12.14-23.08.34:851][  0]LogMemory: Process Virtual Memory: 73.18 MB used, 73.18 MB peak
[2020.12.14-23.08.34:851][  0]LogMemory: Physical Memory: 14260.87 MB used,  2057.45 MB free, 16318.32 MB total
[2020.12.14-23.08.34:851][  0]LogMemory: Virtual Memory: 4936.96 MB used,  134212792.00 MB free, 134217728.00 MB total
[2020.12.14-23.08.34:852][  0]LogWindows: WindowsPlatformFeatures enabled
[2020.12.14-23.08.34:860][  0]LogInit: Physics initialised using underlying interface: PhysX
[2020.12.14-23.08.34:860][  0]LogInit: Using OS detected language (ko-KR).
[2020.12.14-23.08.34:860][  0]LogInit: Using OS detected locale (ko-KR).
[2020.12.14-23.08.34:860][  0]LogTextLocalizationManager: No localization for 'ko-KR' exists, so 'en' will be used for the language.
[2020.12.14-23.08.34:860][  0]LogTextLocalizationManager: No localization for 'ko-KR' exists, so 'en' will be used for the locale.
[2020.12.14-23.08.34:886][  0]LogSlate: New Slate User Created.  User Index 0, Is Virtual User: 0
[2020.12.14-23.08.34:886][  0]LogSlate: Slate User Registered.  User Index 0, Is Virtual User: 0
[2020.12.14-23.08.34:898][  0]LogHMD: Failed to initialize OpenVR with code 110
[2020.12.14-23.08.34:898][  0]LogD3D11RHI: D3D11 min allowed feature level: 11_0
[2020.12.14-23.08.34:898][  0]LogD3D11RHI: D3D11 max allowed feature level: 11_0
[2020.12.14-23.08.34:898][  0]LogD3D11RHI: D3D11 adapters:
[2020.12.14-23.08.34:969][  0]LogD3D11RHI:    0. 'NVIDIA GeForce RTX 2060 SUPER' (Feature Level 11_0)
[2020.12.14-23.08.34:969][  0]LogD3D11RHI:       8031/0/8159 MB DedicatedVideo/DedicatedSystem/SharedSystem, Outputs:2, VendorId:0x10de
[2020.12.14-23.08.34:971][  0]LogD3D11RHI:    1. 'Microsoft Basic Render Driver' (Feature Level 11_0)
[2020.12.14-23.08.34:971][  0]LogD3D11RHI:       0/0/8159 MB DedicatedVideo/DedicatedSystem/SharedSystem, Outputs:0, VendorId:0x1414
[2020.12.14-23.08.34:971][  0]LogD3D11RHI: Chosen D3D11 Adapter: 0
[2020.12.14-23.08.34:980][  0]LogD3D11RHI: Creating new Direct3DDevice
[2020.12.14-23.08.34:980][  0]LogD3D11RHI:     GPU DeviceId: 0x1f06 (for the marketing name, search the web for "GPU Device Id")
[2020.12.14-23.08.34:980][  0]LogWindows: EnumDisplayDevices:
[2020.12.14-23.08.34:980][  0]LogWindows:    0. 'NVIDIA GeForce RTX 2060 SUPER' (P:1 D:1)
[2020.12.14-23.08.34:980][  0]LogWindows:    1. 'NVIDIA GeForce RTX 2060 SUPER' (P:0 D:1)
[2020.12.14-23.08.34:980][  0]LogWindows:    2. 'NVIDIA GeForce RTX 2060 SUPER' (P:0 D:0)
[2020.12.14-23.08.34:981][  0]LogWindows:    3. 'NVIDIA GeForce RTX 2060 SUPER' (P:0 D:0)
[2020.12.14-23.08.34:981][  0]LogWindows: DebugString: FoundDriverCount:4 
[2020.12.14-23.08.34:981][  0]LogD3D11RHI:     Adapter Name: NVIDIA GeForce RTX 2060 SUPER
[2020.12.14-23.08.34:981][  0]LogD3D11RHI:   Driver Version: 452.06 (internal:27.21.14.5206, unified:452.06)
[2020.12.14-23.08.34:981][  0]LogD3D11RHI:      Driver Date: 8-12-2020
[2020.12.14-23.08.34:981][  0]LogRHI: Texture pool is 5621 MB (70% of 8031 MB)
[2020.12.14-23.08.35:022][  0]LogD3D11RHI: RHI has support for 64 bit atomics
[2020.12.14-23.08.35:022][  0]LogD3D11RHI: Async texture creation enabled
[2020.12.14-23.08.35:022][  0]LogD3D11RHI: Array index from any shader is supported
[2020.12.14-23.08.35:041][  0]LogD3D11RHI: GPU Timing Frequency: 1000.000000 (Debug: 2 1)
[2020.12.14-23.08.35:042][  0]LogShaderLibrary: Display: Using ../../../IDoctor/Content/ShaderArchive-Global-PCD3D_SM5.ushaderbytecode for material shader code. Total 2058 unique shaders.
[2020.12.14-23.08.35:042][  0]LogShaderLibrary: Display: Cooked Context: Using Shared Shader Library Global
[2020.12.14-23.08.35:042][  0]LogTemp: Warning: Clearing the OS Cache
[2020.12.14-23.08.35:043][  0]LogPakFile: New pak file ../../../IDoctor/Content/Paks/IDoctor-WindowsNoEditor.pak added to pak precacher.
[2020.12.14-23.08.35:060][  0]LogSlate: Using FreeType 2.10.0
[2020.12.14-23.08.35:060][  0]LogSlate: SlateFontServices - WITH_FREETYPE: 1, WITH_HARFBUZZ: 1
[2020.12.14-23.08.35:101][  0]LogShaderLibrary: Display: Using ../../../IDoctor/Content/ShaderArchive-IDoctor-PCD3D_SM5.ushaderbytecode for material shader code. Total 2908 unique shaders.
[2020.12.14-23.08.35:101][  0]LogShaderLibrary: Display: Cooked Context: Using Shared Shader Library IDoctor
[2020.12.14-23.08.35:102][  0]LogRHI: Display: Opened pipeline cache after state change and enqueued 0 of 0 tasks for precompile.
[2020.12.14-23.08.35:102][  0]LogRHI: Display: Failed to open default shader pipeline cache for IDoctor using shader platform 0.
[2020.12.14-23.08.35:102][  0]LogRHI: Display: Failed to open default shader pipeline cache for IDoctor using shader platform 0.
[2020.12.14-23.08.35:102][  0]LogInit: Using OS detected language (ko-KR).
[2020.12.14-23.08.35:102][  0]LogInit: Using OS detected locale (ko-KR).
[2020.12.14-23.08.35:102][  0]LogTextLocalizationManager: No localization for 'ko-KR' exists, so 'en' will be used for the language.
[2020.12.14-23.08.35:102][  0]LogTextLocalizationManager: No localization for 'ko-KR' exists, so 'en' will be used for the locale.
[2020.12.14-23.08.35:102][  0]LogTextLocalizationManager: Compacting localization data took   0.48ms
[2020.12.14-23.08.35:110][  0]LogAssetRegistry: FAssetRegistry took 0.0070 seconds to start up
[2020.12.14-23.08.35:169][  0]LogStreaming: Display: Flushing async loaders.
[2020.12.14-23.08.35:169][  0]LogPackageLocalizationCache: Processed 18 localized package path(s) for 1 prioritized culture(s) in 0.000056 seconds
[2020.12.14-23.08.35:172][  0]LogInit: Selected Device Profile: [WindowsNoEditor]
[2020.12.14-23.08.35:183][  0]LogNetVersion: IDoctor 1.0.0, NetCL: 13144385, EngineNetVer: 14, GameNetVer: 0 (Checksum: 1261117418)
[2020.12.14-23.08.35:204][  0]LogAudioCaptureCore: Display: No Audio Capture implementations found. Audio input will be silent.
[2020.12.14-23.08.35:204][  0]LogAudioCaptureCore: Display: No Audio Capture implementations found. Audio input will be silent.
[2020.12.14-23.08.35:229][  0]LogAISub: UAISubsystem::UAISubsystem AISubsystem (000002449E5144C0), frame # 0
[2020.12.14-23.08.35:229][  0]LogAISub: UAISubsystem::UAISubsystem AIPerceptionSystem (00000244ACCC6280), frame # 0
[2020.12.14-23.08.35:230][  0]LogAISub: UAISubsystem::UAISubsystem EnvQueryManager (00000244AD7E0400), frame # 0
[2020.12.14-23.08.35:234][  0]LogMoviePlayer: Initializing movie player
[2020.12.14-23.08.35:236][  0]LogAndroidPermission: UAndroidPermissionCallbackProxy::GetInstance
[2020.12.14-23.08.35:237][  0]LogOcInput: OculusInput pre-init called
[2020.12.14-23.08.35:240][  0]LogUObjectArray: 14467 objects as part of root set at end of initial load.
[2020.12.14-23.08.35:240][  0]LogUObjectArray: 2 objects are not in the root set, but can never be destroyed because they are in the DisregardForGC set.
[2020.12.14-23.08.35:240][  0]LogUObjectAllocator: 2987816 out of 0 bytes used by permanent object pool.
[2020.12.14-23.08.35:240][  0]LogUObjectArray: CloseDisregardForGC: 14467/14467 objects in disregard for GC pool
[2020.12.14-23.08.35:241][  0]LogEngine: Initializing Engine...
[2020.12.14-23.08.35:241][  0]LogHMD: Failed to initialize OpenVR with code 110
[2020.12.14-23.08.35:242][  0]LogStats: UGameplayTagsManager::InitializeManager -  0.000 s
[2020.12.14-23.08.35:283][  0]LogPakFile: Precache HighWater 16MB

[2020.12.14-23.08.35:283][  0]LogPakFile: Precache HighWater 32MB

[2020.12.14-23.08.35:283][  0]LogInit: Initializing FReadOnlyCVARCache
[2020.12.14-23.08.35:284][  0]LogAudioMixer: Display: Audio Mixer Platform Settings:
[2020.12.14-23.08.35:284][  0]LogAudioMixer: Display: 	Sample Rate:						  48000
[2020.12.14-23.08.35:284][  0]LogAudioMixer: Display: 	Callback Buffer Frame Size Requested: 1024
[2020.12.14-23.08.35:284][  0]LogAudioMixer: Display: 	Callback Buffer Frame Size To Use:	  1024
[2020.12.14-23.08.35:284][  0]LogAudioMixer: Display: 	Number of buffers to queue:			  2
[2020.12.14-23.08.35:284][  0]LogAudioMixer: Display: 	Max Channels (voices):				  32
[2020.12.14-23.08.35:284][  0]LogAudioMixer: Display: 	Number of Async Source Workers:		  0
[2020.12.14-23.08.35:284][  0]LogAudio: Display: AudioDevice MaxSources: 32
[2020.12.14-23.08.35:284][  0]LogAudio: Display: Using built-in audio occlusion.
[2020.12.14-23.08.35:284][  0]LogAudioMixer: Display: Initializing audio mixer.
[2020.12.14-23.08.35:288][  0]LogAudioDebug: Display: Lib vorbis DLL was dynamically loaded.
[2020.12.14-23.08.35:293][  0]LogAudioMixer: Display: 0: FrontLeft
[2020.12.14-23.08.35:293][  0]LogAudioMixer: Display: 1: FrontRight
[2020.12.14-23.08.35:313][  0]LogAudioMixer: Display: Using Audio Device 스피커(Realtek(R) Audio)
[2020.12.14-23.08.35:314][  0]LogAudioMixer: Display: Initializing Sound Submixes...
[2020.12.14-23.08.35:315][  0]LogAudioMixer: Display: Creating Master Submix 'MasterSubmixDefault'
[2020.12.14-23.08.35:315][  0]LogAudioMixer: Display: Creating Master Submix 'MasterReverbSubmixDefault'
[2020.12.14-23.08.35:315][  0]LogAudioMixer: Display: Creating Master Submix 'MasterEQSubmixDefault'
[2020.12.14-23.08.35:316][  0]LogInit: FAudioDevice initialized.
[2020.12.14-23.08.35:316][  0]LogNetVersion: Set ProjectVersion to 1.0.0.0. Version Checksum will be recalculated on next use.
[2020.12.14-23.08.35:316][  0]LogInit: Texture streaming: Enabled
[2020.12.14-23.08.35:318][  0]LogSlate: Updating window title bar state: overlay mode, drag disabled, window buttons hidden, title bar hidden
[2020.12.14-23.08.35:319][  0]LogInit: Display: Game Engine Initialized.
[2020.12.14-23.08.35:320][  0]LogInit: Display: Starting Game.
[2020.12.14-23.08.35:320][  0]LogNet: Browse: /Game/Maps/Title/Title?Name=Player
[2020.12.14-23.08.35:320][  0]LogLoad: LoadMap: /Game/Maps/Title/Title?Name=Player
[2020.12.14-23.08.35:320][  0]LogWorld: BeginTearingDown for /Temp/Untitled_0
[2020.12.14-23.08.35:320][  0]LogWorld: UWorld::CleanupWorld for Untitled, bSessionEnded=true, bCleanupResources=true
[2020.12.14-23.08.35:321][  0]LogSlate: InvalidateAllWidgets triggered.  All widgets were invalidated
[2020.12.14-23.08.35:323][  0]LogUObjectHash: Compacting FUObjectHashTables data took   0.54ms
[2020.12.14-23.08.35:381][  0]LogAIModule: Creating AISystem for world Title
[2020.12.14-23.08.35:381][  0]LogAISub: UAISubsystem::UAISubsystem EnvQueryManager (00000244A9699200), frame # 0
[2020.12.14-23.08.35:382][  0]LogAISub: UAISubsystem::UAISubsystem AIPerceptionSystem (0000024484C7FB00), frame # 0
[2020.12.14-23.08.35:382][  0]LogLoad: Game class is 'Title_GM_C'
[2020.12.14-23.08.35:385][  0]LogWorld: Bringing World /Game/Maps/Title/Title.Title up for play (max tick rate 0) at 2020.12.15-08.08.35
[2020.12.14-23.08.35:385][  0]LogWorld: Bringing up level for play took: 0.002612
[2020.12.14-23.08.35:387][  0]LogGameMode: FindPlayerStart: PATHS NOT DEFINED or NO PLAYERSTART with positive rating
[2020.12.14-23.08.35:390][  0]LogUMG: Display: Widget Class Title_WG_C - Loaded Fast Template.
[2020.12.14-23.08.35:390][  0]LogPlayerController: Error: InputMode:UIOnly - Attempting to focus Non-Focusable widget SObjectWidget [Widget.cpp(799)]!
[2020.12.14-23.08.35:390][  0]LogLoad: Took 0.070353 seconds to LoadMap(/Game/Maps/Title/Title)
[2020.12.14-23.08.35:391][  0]LogSlate: Took 0.000614 seconds to synchronously load lazily loaded font '../../../IDoctor/Content/Maps/Title/HoonWhitecatR.ufont' (1462K)
[2020.12.14-23.08.35:428][  0]LogRHI: Display: ShaderPipelineCache: Paused Batching. 1
[2020.12.14-23.08.35:428][  0]LogRHI: Display: ShaderPipelineCache: Resumed Batching. 0
[2020.12.14-23.08.35:428][  0]LogRHI: Display: ShaderPipelineCache: Batching Resumed.
[2020.12.14-23.08.35:428][  0]LogLoad: (Engine Initialization) Total time: 0.73 seconds
[2020.12.14-23.08.35:434][  0]LogRenderer: Reallocating scene render targets to support 1920x1080 Format 10 NumSamples 1 (Frame:1).
[2020.12.14-23.08.35:467][  0]LogContentStreaming: Texture pool size now 1000 MB
[2020.12.14-23.08.35:469][  1]LogAudio: Warning: Detected orphaned looping sound 'Stage2-sub'.
[2020.12.14-23.08.35:469][  1]LogAudio: Warning: Detected orphaned looping sound 'Title'.
[2020.12.14-23.08.35:489][  2]LogRenderer: Reallocating scene render targets to support 128x128 Format 10 NumSamples 1 (Frame:1).
[2020.12.14-23.08.35:518][  2]LogRenderer: Reallocating scene render targets to support 1920x1080 Format 10 NumSamples 1 (Frame:2).
[2020.12.14-23.08.36:705][148]LogNet: Browse: /Game/Maps/1Level
[2020.12.14-23.08.36:705][148]LogLoad: LoadMap: /Game/Maps/1Level
[2020.12.14-23.08.36:705][148]LogWorld: BeginTearingDown for /Game/Maps/Title/Title
[2020.12.14-23.08.36:706][148]LogWorld: UWorld::CleanupWorld for Title, bSessionEnded=true, bCleanupResources=true
[2020.12.14-23.08.36:707][148]LogSlate: InvalidateAllWidgets triggered.  All widgets were invalidated
[2020.12.14-23.08.36:741][148]LogAISub: UAISubsystem::~UAISubsystem EnvQueryManager (00000244A9699200), frame # 148
[2020.12.14-23.08.36:741][148]LogAISub: UAISubsystem::~UAISubsystem AIPerceptionSystem (0000024484C7FB00), frame # 148
[2020.12.14-23.08.36:742][148]LogUObjectHash: Compacting FUObjectHashTables data took   0.72ms
[2020.12.14-23.08.36:747][148]LogStreaming: Display: Flushing async loaders.
[2020.12.14-23.08.36:801][148]LogAIModule: Creating AISystem for world 1Level
[2020.12.14-23.08.36:801][148]LogAISub: UAISubsystem::UAISubsystem EnvQueryManager (00000244A999C400), frame # 148
[2020.12.14-23.08.36:801][148]LogAISub: UAISubsystem::UAISubsystem AIPerceptionSystem (00000244A8D25C40), frame # 148
[2020.12.14-23.08.36:801][148]LogLoad: Game class is 'IDoctorGameMode'
[2020.12.14-23.08.36:803][148]LogWorld: Bringing World /Game/Maps/1Level.1Level up for play (max tick rate 0) at 2020.12.15-08.08.36
[2020.12.14-23.08.36:804][148]LogWorld: Bringing up level for play took: 0.002381
[2020.12.14-23.08.36:805][148]IDoctor: Warning: AIDPlayerController::PostInitializeComponents(9)
[2020.12.14-23.08.36:806][148]IDoctor: Warning: AIDoctorGameMode::PostLogin(21) PostLogin Begin
[2020.12.14-23.08.36:807][148]IDoctor: Warning: AIDPlayerController::OnPossess(14)
[2020.12.14-23.08.36:807][148]IDoctor: Warning: AIDoctorGameMode::PostLogin(23) PostLogin End
[2020.12.14-23.08.36:810][148]LogUMG: Display: Widget Class BPWidget_Interaction_C - Loaded Fast Template.
[2020.12.14-23.08.36:812][148]LogLoad: Took 0.105958 seconds to LoadMap(/Game/Maps/1Level)
[2020.12.14-23.08.36:814][148]LogOutputDevice: Warning: 

Script Stack (0 frames):

[2020.12.14-23.08.36:816][148]LogStats: FPlatformStackWalk::StackWalkAndDump -  0.002 s
[2020.12.14-23.08.36:816][148]LogOutputDevice: Error: === Handled ensure: ===
[2020.12.14-23.08.36:816][148]LogOutputDevice: Error: 
[2020.12.14-23.08.36:816][148]LogOutputDevice: Error: Ensure condition failed: FMath::IsFinite(TexelFactor) [File:Runtime\Engine\Classes\Engine/TextureStreamingTypes.h] [Line: 96]
[2020.12.14-23.08.36:816][148]LogOutputDevice: Error: 
[2020.12.14-23.08.36:816][148]LogOutputDevice: Error: Stack: 
[2020.12.14-23.08.36:816][148]LogOutputDevice: Error: [Callstack] 0x00007ff67a7676f6 IDoctor.exe!UnknownFunction []
[2020.12.14-23.08.36:816][148]LogOutputDevice: Error: [Callstack] 0x00007ff6788cc25f IDoctor.exe!UnknownFunction []
[2020.12.14-23.08.36:816][148]LogOutputDevice: Error: [Callstack] 0x00007ff67924ffc4 IDoctor.exe!UnknownFunction []
[2020.12.14-23.08.36:816][148]LogOutputDevice: Error: [Callstack] 0x00007ff679204aae IDoctor.exe!UnknownFunction []
[2020.12.14-23.08.36:816][148]LogOutputDevice: Error: [Callstack] 0x00007ff679205244 IDoctor.exe!UnknownFunction []
[2020.12.14-23.08.36:816][148]LogOutputDevice: Error: [Callstack] 0x00007ff679205746 IDoctor.exe!UnknownFunction []
[2020.12.14-23.08.36:816][148]LogOutputDevice: Error: [Callstack] 0x00007ff679220259 IDoctor.exe!UnknownFunction []
[2020.12.14-23.08.36:816][148]LogOutputDevice: Error: [Callstack] 0x00007ff6789c92e6 IDoctor.exe!UnknownFunction []
[2020.12.14-23.08.36:816][148]LogOutputDevice: Error: [Callstack] 0x00007ff6789c4f3b IDoctor.exe!UnknownFunction []
[2020.12.14-23.08.36:816][148]LogOutputDevice: Error: [Callstack] 0x00007ff678ac36e1 IDoctor.exe!UnknownFunction []
[2020.12.14-23.08.36:816][148]LogOutputDevice: Error: [Callstack] 0x00007ff674c84d40 IDoctor.exe!UnknownFunction []
[2020.12.14-23.08.36:816][148]LogOutputDevice: Error: [Callstack] 0x00007ff674c973ac IDoctor.exe!UnknownFunction []
[2020.12.14-23.08.36:816][148]LogOutputDevice: Error: [Callstack] 0x00007ff674c9746a IDoctor.exe!UnknownFunction []
[2020.12.14-23.08.36:816][148]LogOutputDevice: Error: [Callstack] 0x00007ff674ca8700 IDoctor.exe!UnknownFunction []
[2020.12.14-23.08.36:816][148]LogOutputDevice: Error: [Callstack] 0x00007ff67a35131e IDoctor.exe!UnknownFunction []
[2020.12.14-23.08.36:816][148]LogOutputDevice: Error: [Callstack] 0x00007ffb839d7c24 KERNEL32.DLL!UnknownFunction []
[2020.12.14-23.08.36:817][148]LogOutputDevice: Error: [Callstack] 0x00007ffb8494d4d1 ntdll.dll!UnknownFunction []
[2020.12.14-23.08.36:817][148]LogOutputDevice: Error: 
[2020.12.14-23.08.36:825][148]LogStats:                SubmitErrorReport -  0.000 s
[2020.12.14-23.08.36:969][148]LogStats:                    SendNewReport -  0.145 s
[2020.12.14-23.08.36:969][148]LogStats:             FDebug::EnsureFailed -  0.155 s
[2020.12.14-23.08.36:970][148]LogAudio: Warning: Detected orphaned looping sound 'Stage1'.
[2020.12.14-23.08.36:970][148]LogSlate: InvalidateAllWidgets triggered.  All widgets were invalidated
[2020.12.14-23.08.37:400][208]LogD3D11RHI: Display: Temp texture streaming buffer not large enough, needed 8388608 bytes
[2020.12.14-23.08.37:447][214]LogD3D11RHI: Display: Temp texture streaming buffer not large enough, needed 8388608 bytes
[2020.12.14-23.09.28:664][572]LogNet: Browse: /Game/Maps/2Level
[2020.12.14-23.09.28:664][572]LogLoad: LoadMap: /Game/Maps/2Level
[2020.12.14-23.09.28:664][572]LogWorld: BeginTearingDown for /Game/Maps/1Level
[2020.12.14-23.09.28:664][572]LogWorld: UWorld::CleanupWorld for 1Level, bSessionEnded=true, bCleanupResources=true
[2020.12.14-23.09.28:665][572]LogSlate: InvalidateAllWidgets triggered.  All widgets were invalidated
[2020.12.14-23.09.28:700][572]LogAISub: UAISubsystem::~UAISubsystem AIPerceptionSystem (00000244A8D25C40), frame # 8572
[2020.12.14-23.09.28:700][572]LogAISub: UAISubsystem::~UAISubsystem EnvQueryManager (00000244A999C400), frame # 8572
[2020.12.14-23.09.28:702][572]LogUObjectHash: Compacting FUObjectHashTables data took   0.60ms
[2020.12.14-23.09.28:705][572]LogStreaming: Display: Flushing async loaders.
[2020.12.14-23.09.28:758][572]LogAIModule: Creating AISystem for world 2Level
[2020.12.14-23.09.28:759][572]LogAISub: UAISubsystem::UAISubsystem EnvQueryManager (00000244B74FD400), frame # 8572
[2020.12.14-23.09.28:759][572]LogAISub: UAISubsystem::UAISubsystem AIPerceptionSystem (00000244ACCCC900), frame # 8572
[2020.12.14-23.09.28:759][572]LogLoad: Game class is 'IDoctorGameMode'
[2020.12.14-23.09.28:762][572]LogWorld: Bringing World /Game/Maps/2Level.2Level up for play (max tick rate 0) at 2020.12.15-08.09.28
[2020.12.14-23.09.28:763][572]LogWorld: Bringing up level for play took: 0.003567
[2020.12.14-23.09.28:764][572]IDoctor: Warning: AIDPlayerController::PostInitializeComponents(9)
[2020.12.14-23.09.28:764][572]IDoctor: Warning: AIDoctorGameMode::PostLogin(21) PostLogin Begin
[2020.12.14-23.09.28:765][572]IDoctor: Warning: AIDPlayerController::OnPossess(14)
[2020.12.14-23.09.28:765][572]IDoctor: Warning: AIDoctorGameMode::PostLogin(23) PostLogin End
[2020.12.14-23.09.28:769][572]LogLoad: Took 0.105113 seconds to LoadMap(/Game/Maps/2Level)
[2020.12.14-23.09.28:773][573]LogAudio: Warning: Detected orphaned looping sound 'Stage2'.
[2020.12.14-23.09.28:773][573]LogAudio: Warning: Detected orphaned looping sound 'Stage2-sub'.
[2020.12.14-23.10.13:426][483]LogSlate: Took 0.002893 seconds to synchronously load lazily loaded font '../../../IDoctor/Content/Blueprints/UMG/TextFont.ufont' (1462K)
[2020.12.14-23.10.14:387][598]IDoctor: Warning: AIDCharacter::PostInitializeComponents::<lambda_c1be2d06c5cbfdcc1136f57a7a1f3925>::operator ()(106) Item Count : 1 
[2020.12.14-23.10.28:697][643]LogNet: Browse: /Game/Maps/3Level
[2020.12.14-23.10.28:697][643]LogLoad: LoadMap: /Game/Maps/3Level
[2020.12.14-23.10.28:698][643]LogWorld: BeginTearingDown for /Game/Maps/2Level
[2020.12.14-23.10.28:698][643]LogWorld: UWorld::CleanupWorld for 2Level, bSessionEnded=true, bCleanupResources=true
[2020.12.14-23.10.28:699][643]LogSlate: InvalidateAllWidgets triggered.  All widgets were invalidated
[2020.12.14-23.10.28:732][643]LogAISub: UAISubsystem::~UAISubsystem EnvQueryManager (00000244B74FD400), frame # 15643
[2020.12.14-23.10.28:732][643]LogAISub: UAISubsystem::~UAISubsystem AIPerceptionSystem (00000244ACCCC900), frame # 15643
[2020.12.14-23.10.28:733][643]LogUObjectHash: Compacting FUObjectHashTables data took   0.72ms
[2020.12.14-23.10.28:737][643]LogStreaming: Display: Flushing async loaders.
[2020.12.14-23.10.28:793][643]LogAIModule: Creating AISystem for world 3Level
[2020.12.14-23.10.28:793][643]LogAISub: UAISubsystem::UAISubsystem EnvQueryManager (00000244B73BC200), frame # 15643
[2020.12.14-23.10.28:793][643]LogAISub: UAISubsystem::UAISubsystem AIPerceptionSystem (00000244A9181640), frame # 15643
[2020.12.14-23.10.28:793][643]LogLoad: Game class is 'IDoctorGameMode'
[2020.12.14-23.10.28:795][643]LogWorld: Bringing World /Game/Maps/3Level.3Level up for play (max tick rate 0) at 2020.12.15-08.10.28
[2020.12.14-23.10.28:796][643]LogWorld: Bringing up level for play took: 0.002304
[2020.12.14-23.10.28:797][643]IDoctor: Warning: AIDPlayerController::PostInitializeComponents(9)
[2020.12.14-23.10.28:797][643]IDoctor: Warning: AIDoctorGameMode::PostLogin(21) PostLogin Begin
[2020.12.14-23.10.28:797][643]IDoctor: Warning: AIDPlayerController::OnPossess(14)
[2020.12.14-23.10.28:797][643]IDoctor: Warning: AIDoctorGameMode::PostLogin(23) PostLogin End
[2020.12.14-23.10.28:802][643]LogLoad: Took 0.104429 seconds to LoadMap(/Game/Maps/3Level)
[2020.12.14-23.10.28:804][644]LogAudio: Warning: Detected orphaned looping sound 'Stage3'.
[2020.12.14-23.11.14:994][140]LogNet: Browse: /Game/Maps/4Level
[2020.12.14-23.11.14:994][140]LogLoad: LoadMap: /Game/Maps/4Level
[2020.12.14-23.11.14:994][140]LogWorld: BeginTearingDown for /Game/Maps/3Level
[2020.12.14-23.11.14:994][140]LogWorld: UWorld::CleanupWorld for 3Level, bSessionEnded=true, bCleanupResources=true
[2020.12.14-23.11.14:995][140]LogSlate: InvalidateAllWidgets triggered.  All widgets were invalidated
[2020.12.14-23.11.15:031][140]LogAISub: UAISubsystem::~UAISubsystem AIPerceptionSystem (00000244A9181640), frame # 22140
[2020.12.14-23.11.15:031][140]LogAISub: UAISubsystem::~UAISubsystem EnvQueryManager (00000244B73BC200), frame # 22140
[2020.12.14-23.11.15:032][140]LogUObjectHash: Compacting FUObjectHashTables data took   0.66ms
[2020.12.14-23.11.15:036][140]LogStreaming: Display: Flushing async loaders.
[2020.12.14-23.11.15:092][140]LogAIModule: Creating AISystem for world 4Level
[2020.12.14-23.11.15:092][140]LogAISub: UAISubsystem::UAISubsystem EnvQueryManager (00000244B73B4C00), frame # 22140
[2020.12.14-23.11.15:092][140]LogAISub: UAISubsystem::UAISubsystem AIPerceptionSystem (00000244B02BCF40), frame # 22140
[2020.12.14-23.11.15:093][140]LogLoad: Game class is 'IDoctorGameMode'
[2020.12.14-23.11.15:097][140]LogWorld: Bringing World /Game/Maps/4Level.4Level up for play (max tick rate 0) at 2020.12.15-08.11.15
[2020.12.14-23.11.15:097][140]LogWorld: Bringing up level for play took: 0.004312
[2020.12.14-23.11.15:100][140]IDoctor: Warning: AIDPlayerController::PostInitializeComponents(9)
[2020.12.14-23.11.15:100][140]IDoctor: Warning: AIDoctorGameMode::PostLogin(21) PostLogin Begin
[2020.12.14-23.11.15:100][140]IDoctor: Warning: AIDPlayerController::OnPossess(14)
[2020.12.14-23.11.15:100][140]IDoctor: Warning: AIDoctorGameMode::PostLogin(23) PostLogin End
[2020.12.14-23.11.15:101][140]LogLoad: Took 0.107182 seconds to LoadMap(/Game/Maps/4Level)
[2020.12.14-23.11.15:105][141]LogAudio: Warning: Detected orphaned looping sound 'Stage4'.
[2020.12.14-23.11.22:608][324]LogNet: Browse: /Game/Maps/5Level_1
[2020.12.14-23.11.22:608][324]LogLoad: LoadMap: /Game/Maps/5Level_1
[2020.12.14-23.11.22:608][324]LogWorld: BeginTearingDown for /Game/Maps/4Level
[2020.12.14-23.11.22:609][324]LogWorld: UWorld::CleanupWorld for 4Level, bSessionEnded=true, bCleanupResources=true
[2020.12.14-23.11.22:611][324]LogSlate: InvalidateAllWidgets triggered.  All widgets were invalidated
[2020.12.14-23.11.22:646][324]LogAISub: UAISubsystem::~UAISubsystem EnvQueryManager (00000244B73B4C00), frame # 23324
[2020.12.14-23.11.22:646][324]LogAISub: UAISubsystem::~UAISubsystem AIPerceptionSystem (00000244B02BCF40), frame # 23324
[2020.12.14-23.11.22:647][324]LogUObjectHash: Compacting FUObjectHashTables data took   0.66ms
[2020.12.14-23.11.22:655][324]LogStreaming: Display: Flushing async loaders.
[2020.12.14-23.11.22:707][324]LogAIModule: Creating AISystem for world 5Level_1
[2020.12.14-23.11.22:707][324]LogAISub: UAISubsystem::UAISubsystem EnvQueryManager (00000244B7473E00), frame # 23324
[2020.12.14-23.11.22:707][324]LogAISub: UAISubsystem::UAISubsystem AIPerceptionSystem (00000244A8D272C0), frame # 23324
[2020.12.14-23.11.22:707][324]LogLoad: Game class is 'IDoctorGameMode'
[2020.12.14-23.11.22:711][324]LogWorld: Bringing World /Game/Maps/5Level_1.5Level_1 up for play (max tick rate 0) at 2020.12.15-08.11.22
[2020.12.14-23.11.22:711][324]LogWorld: Bringing up level for play took: 0.003273
[2020.12.14-23.11.22:713][324]IDoctor: Warning: AIDPlayerController::PostInitializeComponents(9)
[2020.12.14-23.11.22:713][324]IDoctor: Warning: AIDoctorGameMode::PostLogin(21) PostLogin Begin
[2020.12.14-23.11.22:714][324]IDoctor: Warning: AIDPlayerController::OnPossess(14)
[2020.12.14-23.11.22:714][324]IDoctor: Warning: AIDoctorGameMode::PostLogin(23) PostLogin End
[2020.12.14-23.11.22:715][324]LogLoad: Took 0.105483 seconds to LoadMap(/Game/Maps/5Level_1)
[2020.12.14-23.11.22:718][325]LogAudio: Warning: Detected orphaned looping sound 'Stage5'.
[2020.12.14-23.14.43:267][993]LogNet: Browse: /Game/Maps/5Level_2
[2020.12.14-23.14.43:267][993]LogLoad: LoadMap: /Game/Maps/5Level_2
[2020.12.14-23.14.43:267][993]LogWorld: BeginTearingDown for /Game/Maps/5Level_1
[2020.12.14-23.14.43:267][993]LogWorld: UWorld::CleanupWorld for 5Level_1, bSessionEnded=true, bCleanupResources=true
[2020.12.14-23.14.43:269][993]LogSlate: InvalidateAllWidgets triggered.  All widgets were invalidated
[2020.12.14-23.14.43:301][993]LogAISub: UAISubsystem::~UAISubsystem AIPerceptionSystem (00000244A8D272C0), frame # 67993
[2020.12.14-23.14.43:301][993]LogAISub: UAISubsystem::~UAISubsystem EnvQueryManager (00000244B7473E00), frame # 67993
[2020.12.14-23.14.43:303][993]LogUObjectHash: Compacting FUObjectHashTables data took   0.61ms
[2020.12.14-23.14.43:310][993]LogStreaming: Display: Flushing async loaders.
[2020.12.14-23.14.43:373][993]LogAIModule: Creating AISystem for world 5Level_2
[2020.12.14-23.14.43:373][993]LogAISub: UAISubsystem::UAISubsystem EnvQueryManager (00000244B7479800), frame # 67993
[2020.12.14-23.14.43:373][993]LogAISub: UAISubsystem::UAISubsystem AIPerceptionSystem (00000244AF178E40), frame # 67993
[2020.12.14-23.14.43:373][993]LogLoad: Game class is 'IDoctorGameMode'
[2020.12.14-23.14.43:377][993]LogWorld: Bringing World /Game/Maps/5Level_2.5Level_2 up for play (max tick rate 0) at 2020.12.15-08.14.43
[2020.12.14-23.14.43:377][993]LogWorld: Bringing up level for play took: 0.003871
[2020.12.14-23.14.43:380][993]IDoctor: Warning: AIDPlayerController::PostInitializeComponents(9)
[2020.12.14-23.14.43:380][993]IDoctor: Warning: AIDoctorGameMode::PostLogin(21) PostLogin Begin
[2020.12.14-23.14.43:380][993]IDoctor: Warning: AIDPlayerController::OnPossess(14)
[2020.12.14-23.14.43:381][993]IDoctor: Warning: AIDoctorGameMode::PostLogin(23) PostLogin End
[2020.12.14-23.14.43:383][993]LogLoad: Took 0.116715 seconds to LoadMap(/Game/Maps/5Level_2)
[2020.12.14-23.14.54:941][152]LogUMG: Display: Widget Class BPWidget_Dialogue_C - Loaded Fast Template.
[2020.12.14-23.14.58:074][706]LogNet: Browse: /Game/Maps/Ending/Ending
[2020.12.14-23.14.58:075][706]LogLoad: LoadMap: /Game/Maps/Ending/Ending
[2020.12.14-23.14.58:075][706]LogWorld: BeginTearingDown for /Game/Maps/5Level_2
[2020.12.14-23.14.58:075][706]LogWorld: UWorld::CleanupWorld for 5Level_2, bSessionEnded=true, bCleanupResources=true
[2020.12.14-23.14.58:077][706]LogSlate: InvalidateAllWidgets triggered.  All widgets were invalidated
[2020.12.14-23.14.58:111][706]LogAISub: UAISubsystem::~UAISubsystem AIPerceptionSystem (00000244AF178E40), frame # 70706
[2020.12.14-23.14.58:111][706]LogAISub: UAISubsystem::~UAISubsystem EnvQueryManager (00000244B7479800), frame # 70706
[2020.12.14-23.14.58:113][706]LogUObjectHash: Compacting FUObjectHashTables data took   0.60ms
[2020.12.14-23.14.58:120][706]LogStreaming: Display: Flushing async loaders.
[2020.12.14-23.14.58:174][706]LogAIModule: Creating AISystem for world Ending
[2020.12.14-23.14.58:174][706]LogAISub: UAISubsystem::UAISubsystem EnvQueryManager (00000244A999E200), frame # 70706
[2020.12.14-23.14.58:174][706]LogAISub: UAISubsystem::UAISubsystem AIPerceptionSystem (00000244A9182CC0), frame # 70706
[2020.12.14-23.14.58:175][706]LogLoad: Game class is 'End_GM_C'
[2020.12.14-23.14.58:179][706]LogWorld: Bringing World /Game/Maps/Ending/Ending.Ending up for play (max tick rate 0) at 2020.12.15-08.14.58
[2020.12.14-23.14.58:179][706]LogWorld: Bringing up level for play took: 0.003667
[2020.12.14-23.14.58:182][706]LogUMG: Display: Widget Class End_WG_C - Loaded Fast Template.
[2020.12.14-23.14.58:183][706]LogLoad: Took 0.108728 seconds to LoadMap(/Game/Maps/Ending/Ending)
[2020.12.14-23.14.58:190][706]LogAudio: Warning: Detected orphaned looping sound 'Stage5-1'.
[2020.12.14-23.14.58:190][706]LogSlate: Took 0.003106 seconds to synchronously load lazily loaded font '../../../IDoctor/Content/Maps/Title/HoonWhitecatR.ufont' (1462K)
[2020.12.14-23.15.24:433][900]LogNet: Browse: /Game/Maps/Title/Title
[2020.12.14-23.15.24:433][900]LogLoad: LoadMap: /Game/Maps/Title/Title
[2020.12.14-23.15.24:433][900]LogWorld: BeginTearingDown for /Game/Maps/Ending/Ending
[2020.12.14-23.15.24:433][900]LogWorld: UWorld::CleanupWorld for Ending, bSessionEnded=true, bCleanupResources=true
[2020.12.14-23.15.24:435][900]LogSlate: InvalidateAllWidgets triggered.  All widgets were invalidated
[2020.12.14-23.15.24:476][900]LogAudio: Display: Waited 41.018200 ms for audio thread.
[2020.12.14-23.15.24:481][900]LogAISub: UAISubsystem::~UAISubsystem AIPerceptionSystem (00000244A9182CC0), frame # 75900
[2020.12.14-23.15.24:481][900]LogAISub: UAISubsystem::~UAISubsystem EnvQueryManager (00000244A999E200), frame # 75900
[2020.12.14-23.15.24:483][900]LogUObjectHash: Compacting FUObjectHashTables data took   0.66ms
[2020.12.14-23.15.24:490][900]LogStreaming: Display: Flushing async loaders.
[2020.12.14-23.15.24:549][900]LogAIModule: Creating AISystem for world Title
[2020.12.14-23.15.24:549][900]LogAISub: UAISubsystem::UAISubsystem EnvQueryManager (00000244A8F76E00), frame # 75900
[2020.12.14-23.15.24:549][900]LogAISub: UAISubsystem::UAISubsystem AIPerceptionSystem (00000244B02B6C80), frame # 75900
[2020.12.14-23.15.24:550][900]LogLoad: Game class is 'Title_GM_C'
[2020.12.14-23.15.24:552][900]LogWorld: Bringing World /Game/Maps/Title/Title.Title up for play (max tick rate 0) at 2020.12.15-08.15.24
[2020.12.14-23.15.24:552][900]LogWorld: Bringing up level for play took: 0.002186
[2020.12.14-23.15.24:554][900]LogGameMode: FindPlayerStart: PATHS NOT DEFINED or NO PLAYERSTART with positive rating
[2020.12.14-23.15.24:556][900]LogUMG: Display: Widget Class Title_WG_C - Loaded Fast Template.
[2020.12.14-23.15.24:556][900]LogPlayerController: Error: InputMode:UIOnly - Attempting to focus Non-Focusable widget SObjectWidget [Widget.cpp(799)]!
[2020.12.14-23.15.24:557][900]LogLoad: Took 0.124351 seconds to LoadMap(/Game/Maps/Title/Title)
[2020.12.14-23.15.24:561][900]LogAudio: Warning: Detected orphaned looping sound 'Stage2-sub'.
[2020.12.14-23.15.24:561][900]LogAudio: Warning: Detected orphaned looping sound 'Title'.
[2020.12.14-23.15.24:561][900]LogSlate: Took 0.000843 seconds to synchronously load lazily loaded font '../../../IDoctor/Content/Maps/Title/HoonWhitecatR.ufont' (1462K)
[2020.12.14-23.15.24:561][900]LogSlate: InvalidateAllWidgets triggered.  All widgets were invalidated
[2020.12.14-23.15.24:565][901]LogSlate: Took 0.000423 seconds to synchronously load lazily loaded font '../../../IDoctor/Content/Maps/Title/HoonWhitecatR.ufont' (1462K)
[2020.12.14-23.15.28:700][418]Closing by request
[2020.12.14-23.15.28:700][418]LogWindows: FPlatformMisc::RequestExit(0)
[2020.12.14-23.15.28:700][418]LogCore: Engine exit requested (reason: Win RequestExit)
[2020.12.14-23.15.28:707][419]LogCore: Engine exit requested (reason: EngineExit() was called; note: exit was already requested)
[2020.12.14-23.15.28:710][419]LogAudio: Display: Shutting down audio device while 2 references to it are still alive. For more information, compile with INSTRUMENT_AUDIODEVICE_HANDLES.
[2020.12.14-23.15.28:742][419]LogInit: Display: PreExit Game.
[2020.12.14-23.15.28:751][419]LogWorld: BeginTearingDown for /Game/Maps/Title/Title
[2020.12.14-23.15.28:751][419]LogWorld: UWorld::CleanupWorld for Title, bSessionEnded=true, bCleanupResources=true
[2020.12.14-23.15.28:752][419]LogSlate: InvalidateAllWidgets triggered.  All widgets were invalidated
[2020.12.14-23.15.29:460][419]LogSlate: Request Window 'IDoctor (64-bit Development PCD3D_SM5) ' being destroyed
[2020.12.14-23.15.29:467][419]LogSlate: Window 'IDoctor (64-bit Development PCD3D_SM5) ' being destroyed
[2020.12.14-23.15.29:471][419]LogWindowsTextInputMethodSystem: Display: IME system now activated using TSF (Microsoft 입력기).
[2020.12.14-23.15.29:493][419]LogExit: Preparing to exit.
[2020.12.14-23.15.29:493][419]LogMoviePlayer: Shutting down movie player
[2020.12.14-23.15.29:495][419]LogSlate: Updating window title bar state: overlay mode, drag disabled, window buttons hidden, title bar hidden
[2020.12.14-23.15.29:503][419]LogExit: Game engine shut down
[2020.12.14-23.15.29:504][419]LogDemo: Cleaned up 0 splitscreen connections with owner deletion
[2020.12.14-23.15.29:510][419]LogAISub: UAISubsystem::~UAISubsystem AIPerceptionSystem (00000244B02B6C80), frame # 76419
[2020.12.14-23.15.29:510][419]LogAISub: UAISubsystem::~UAISubsystem EnvQueryManager (00000244A8F76E00), frame # 76419
[2020.12.14-23.15.29:522][419]LogAISub: UAISubsystem::~UAISubsystem AISubsystem (000002449E5144C0), frame # 76419
[2020.12.14-23.15.29:522][419]LogAISub: UAISubsystem::~UAISubsystem AIPerceptionSystem (00000244ACCC6280), frame # 76419
[2020.12.14-23.15.29:522][419]LogAISub: UAISubsystem::~UAISubsystem EnvQueryManager (00000244AD7E0400), frame # 76419
[2020.12.14-23.15.29:536][419]LogExit: Object subsystem successfully closed.
[2020.12.14-23.15.29:554][419]LogModuleManager: Shutting down and abandoning module AutomationController (318)
[2020.12.14-23.15.29:554][419]LogModuleManager: Shutting down and abandoning module AutomationWorker (316)
[2020.12.14-23.15.29:554][419]LogModuleManager: Shutting down and abandoning module Voice (314)
[2020.12.14-23.15.29:554][419]LogModuleManager: Shutting down and abandoning module AIModule (312)
[2020.12.14-23.15.29:554][419]LogModuleManager: Shutting down and abandoning module GameplayDebugger (311)
[2020.12.14-23.15.29:554][419]LogModuleManager: Shutting down and abandoning module NavigationSystem (309)
[2020.12.14-23.15.29:554][419]LogModuleManager: Shutting down and abandoning module WebMMediaFactory (306)
[2020.12.14-23.15.29:554][419]LogModuleManager: Shutting down and abandoning module WebMMedia (304)
[2020.12.14-23.15.29:554][419]LogModuleManager: Shutting down and abandoning module OculusMR (302)
[2020.12.14-23.15.29:554][419]LogModuleManager: Shutting down and abandoning module WmfMediaFactory (300)
[2020.12.14-23.15.29:555][419]LogModuleManager: Shutting down and abandoning module OpenExrWrapper (298)
[2020.12.14-23.15.29:555][419]LogModuleManager: Shutting down and abandoning module ImgMediaFactory (296)
[2020.12.14-23.15.29:555][419]LogModuleManager: Shutting down and abandoning module AvfMediaFactory (294)
[2020.12.14-23.15.29:555][419]LogModuleManager: Shutting down and abandoning module CharacterAI (292)
[2020.12.14-23.15.29:555][419]LogModuleManager: Shutting down and abandoning module PlanarCut (290)
[2020.12.14-23.15.29:555][419]LogModuleManager: Shutting down and abandoning module SessionServices (288)
[2020.12.14-23.15.29:555][419]LogModuleManager: Shutting down and abandoning module LiveCoding (286)
[2020.12.14-23.15.29:555][419]LogModuleManager: Shutting down and abandoning module LevelSequence (284)
[2020.12.14-23.15.29:555][419]LogModuleManager: Shutting down and abandoning module MovieSceneTracks (282)
[2020.12.14-23.15.29:555][419]LogModuleManager: Shutting down and abandoning module MovieScene (280)
[2020.12.14-23.15.29:555][419]LogModuleManager: Shutting down and abandoning module StreamingPauseRendering (278)
[2020.12.14-23.15.29:555][419]LogModuleManager: Shutting down and abandoning module AudioMixerXAudio2 (276)
[2020.12.14-23.15.29:555][419]LogModuleManager: Shutting down and abandoning module AudioMixerCore (275)
[2020.12.14-23.15.29:555][419]LogModuleManager: Shutting down and abandoning module ImageWriteQueue (272)
[2020.12.14-23.15.29:556][419]LogModuleManager: Shutting down and abandoning module ProfilerService (270)
[2020.12.14-23.15.29:571][419]LogModuleManager: Shutting down and abandoning module TaskGraph (268)
[2020.12.14-23.15.29:571][419]LogModuleManager: Shutting down and abandoning module Synthesis (266)
[2020.12.14-23.15.29:571][419]LogModuleManager: Shutting down and abandoning module OculusInput (264)
[2020.12.14-23.15.29:571][419]LogModuleManager: Shutting down and abandoning module MobilePatchingUtils (262)
[2020.12.14-23.15.29:571][419]LogModuleManager: Shutting down and abandoning module GooglePAD (260)
[2020.12.14-23.15.29:571][419]LogModuleManager: Shutting down and abandoning module CustomMeshComponent (258)
[2020.12.14-23.15.29:571][419]LogModuleManager: Shutting down and abandoning module CableComponent (256)
[2020.12.14-23.15.29:571][419]LogModuleManager: Shutting down and abandoning module AudioCapture (254)
[2020.12.14-23.15.29:571][419]LogModuleManager: Shutting down and abandoning module AudioCaptureRtAudio (253)
[2020.12.14-23.15.29:571][419]LogModuleManager: Shutting down and abandoning module AssetTags (250)
[2020.12.14-23.15.29:571][419]LogModuleManager: Shutting down and abandoning module ArchVisCharacter (248)
[2020.12.14-23.15.29:571][419]LogModuleManager: Shutting down and abandoning module AppleImageUtils (246)
[2020.12.14-23.15.29:571][419]LogModuleManager: Shutting down and abandoning module AndroidPermission (244)
[2020.12.14-23.15.29:571][419]LogModuleManager: Shutting down and abandoning module TemplateSequence (242)
[2020.12.14-23.15.29:571][419]LogModuleManager: Shutting down and abandoning module MediaCompositing (240)
[2020.12.14-23.15.29:571][419]LogModuleManager: Shutting down and abandoning module ImgMedia (238)
[2020.12.14-23.15.29:571][419]LogModuleManager: Shutting down and abandoning module MagicLeapLightEstimation (236)
[2020.12.14-23.15.29:572][419]LogModuleManager: Shutting down and abandoning module MagicLeapHelperVulkan (234)
[2020.12.14-23.15.29:572][419]LogModuleManager: Shutting down and abandoning module MagicLeapHelperOpenGL (232)
[2020.12.14-23.15.29:572][419]LogModuleManager: Shutting down and abandoning module MagicLeapAudio (230)
[2020.12.14-23.15.29:572][419]LogModuleManager: Shutting down and abandoning module MagicLeapSharedWorld (228)
[2020.12.14-23.15.29:572][419]LogModuleManager: Shutting down and abandoning module ChaosNiagara (226)
[2020.12.14-23.15.29:572][419]LogModuleManager: Shutting down and abandoning module ProceduralMeshComponent (224)
[2020.12.14-23.15.29:572][419]LogModuleManager: Shutting down and abandoning module GeometryCollectionTracks (222)
[2020.12.14-23.15.29:572][419]LogModuleManager: Shutting down and abandoning module EditableMesh (220)
[2020.12.14-23.15.29:572][419]LogModuleManager: Shutting down and abandoning module MeshSolverUtilities (218)
[2020.12.14-23.15.29:572][419]LogModuleManager: Shutting down and abandoning module MeshConversion (216)
[2020.12.14-23.15.29:572][419]LogModuleManager: Shutting down and abandoning module DynamicMesh (214)
[2020.12.14-23.15.29:572][419]LogModuleManager: Shutting down and abandoning module GeometryAlgorithms (212)
[2020.12.14-23.15.29:572][419]LogModuleManager: Shutting down and abandoning module GeometricObjects (210)
[2020.12.14-23.15.29:572][419]LogModuleManager: Shutting down and abandoning module ChaosCloth (208)
[2020.12.14-23.15.29:572][419]LogModuleManager: Shutting down and abandoning module BackChannel (206)
[2020.12.14-23.15.29:572][419]LogModuleManager: Shutting down and abandoning module AutomationUtils (204)
[2020.12.14-23.15.29:572][419]LogModuleManager: Shutting down and abandoning module GeometryCacheTracks (202)
[2020.12.14-23.15.29:572][419]LogModuleManager: Shutting down and abandoning module GeometryCache (200)
[2020.12.14-23.15.29:572][419]LogModuleManager: Shutting down and abandoning module UObjectPlugin (198)
[2020.12.14-23.15.29:572][419]LogModuleManager: Shutting down and abandoning module IDoctor (196)
[2020.12.14-23.15.29:572][419]LogModuleManager: Shutting down and abandoning module SoundFields (194)
[2020.12.14-23.15.29:572][419]LogModuleManager: Shutting down and abandoning module RuntimePhysXCooking (192)
[2020.12.14-23.15.29:572][419]LogModuleManager: Shutting down and abandoning module LocationServicesBPLibrary (188)
[2020.12.14-23.15.29:572][419]LogModuleManager: Shutting down and abandoning module ActorSequence (186)
[2020.12.14-23.15.29:572][419]LogModuleManager: Shutting down and abandoning module UdpMessaging (184)
[2020.12.14-23.15.29:572][419]LogModuleManager: Shutting down and abandoning module TcpMessaging (182)
[2020.12.14-23.15.29:572][419]LogModuleManager: Shutting down and abandoning module MagicLeapHandMeshing (180)
[2020.12.14-23.15.29:572][419]LogModuleManager: Shutting down and abandoning module MagicLeapSecureStorage (178)
[2020.12.14-23.15.29:572][419]LogModuleManager: Shutting down and abandoning module MagicLeapPrivileges (176)
[2020.12.14-23.15.29:572][419]LogModuleManager: Shutting down and abandoning module MagicLeapPlanes (174)
[2020.12.14-23.15.29:572][419]LogModuleManager: Shutting down and abandoning module MagicLeapImageTracker (172)
[2020.12.14-23.15.29:572][419]LogModuleManager: Shutting down and abandoning module MagicLeapIdentity (170)
[2020.12.14-23.15.29:572][419]LogModuleManager: Shutting down and abandoning module MagicLeapHandTracking (168)
[2020.12.14-23.15.29:572][419]LogModuleManager: Shutting down and abandoning module MagicLeapEyeTracker (166)
[2020.12.14-23.15.29:572][419]LogModuleManager: Shutting down and abandoning module MagicLeapController (164)
[2020.12.14-23.15.29:572][419]LogSlate: Slate User Destroyed.  User Index 0, Is Virtual User: 0
[2020.12.14-23.15.29:572][419]LogModuleManager: Shutting down and abandoning module MagicLeapARPinImpl (162)
[2020.12.14-23.15.29:572][419]LogModuleManager: Shutting down and abandoning module MagicLeapAR (160)
[2020.12.14-23.15.29:572][419]LogModuleManager: Shutting down and abandoning module AugmentedReality (159)
[2020.12.14-23.15.29:572][419]LogModuleManager: Shutting down and abandoning module MagicLeapARPin (156)
[2020.12.14-23.15.29:572][419]LogModuleManager: Shutting down and abandoning module NiagaraAnimNotifies (154)
[2020.12.14-23.15.29:572][419]LogModuleManager: Shutting down and abandoning module Niagara (152)
[2020.12.14-23.15.29:572][419]LogModuleManager: Shutting down and abandoning module SignalProcessing (151)
[2020.12.14-23.15.29:572][419]LogModuleManager: Shutting down and abandoning module NiagaraCore (148)
[2020.12.14-23.15.29:572][419]LogModuleManager: Shutting down and abandoning module FacialAnimation (146)
[2020.12.14-23.15.29:572][419]LogModuleManager: Shutting down and abandoning module SignificanceManager (144)
[2020.12.14-23.15.29:572][419]LogModuleManager: Shutting down and abandoning module AnimationSharing (142)
[2020.12.14-23.15.29:572][419]LogModuleManager: Shutting down and abandoning module LightPropagationVolumeRuntime (140)
[2020.12.14-23.15.29:572][419]LogModuleManager: Shutting down and abandoning module Paper2D (138)
[2020.12.14-23.15.29:572][419]LogModuleManager: Shutting down and abandoning module WindowsMoviePlayer (136)
[2020.12.14-23.15.29:573][419]LogModuleManager: Shutting down and abandoning module WebMMoviePlayer (134)
[2020.12.14-23.15.29:573][419]LogModuleManager: Shutting down and abandoning module NetworkReplayStreaming (132)
[2020.12.14-23.15.29:573][419]LogModuleManager: Shutting down and abandoning module PacketHandler (130)
[2020.12.14-23.15.29:573][419]LogModuleManager: Shutting down and abandoning module ClothingSystemRuntimeNv (128)
[2020.12.14-23.15.29:573][419]LogModuleManager: Shutting down and abandoning module MediaAssets (126)
[2020.12.14-23.15.29:573][419]LogModuleManager: Shutting down and abandoning module Overlay (124)
[2020.12.14-23.15.29:573][419]LogModuleManager: Shutting down and abandoning module FunctionalTesting (122)
[2020.12.14-23.15.29:573][419]LogModuleManager: Shutting down and abandoning module MessageLog (120)
[2020.12.14-23.15.29:574][419]LogModuleManager: Shutting down and abandoning module UMG (118)
[2020.12.14-23.15.29:574][419]LogModuleManager: Shutting down and abandoning module SlateReflector (116)
[2020.12.14-23.15.29:575][419]LogModuleManager: Shutting down and abandoning module Slate (114)
[2020.12.14-23.15.29:575][419]LogModuleManager: Shutting down and abandoning module SlateCore (112)
[2020.12.14-23.15.29:575][419]LogModuleManager: Shutting down and abandoning module MRMesh (110)
[2020.12.14-23.15.29:575][419]LogModuleManager: Shutting down and abandoning module Messaging (108)
[2020.12.14-23.15.29:575][419]LogModuleManager: Shutting down and abandoning module HeadMountedDisplay (106)
[2020.12.14-23.15.29:575][419]LogModuleManager: Shutting down and abandoning module XAudio2 (104)
[2020.12.14-23.15.29:575][419]LogModuleManager: Shutting down and abandoning module Networking (102)
[2020.12.14-23.15.29:575][419]LogModuleManager: Shutting down and abandoning module Core (100)
[2020.12.14-23.15.29:575][419]LogModuleManager: Shutting down and abandoning module ImageWrapper (96)
[2020.12.14-23.15.29:575][419]LogModuleManager: Shutting down and abandoning module InputCore (94)
[2020.12.14-23.15.29:575][419]LogModuleManager: Shutting down and abandoning module Settings (92)
[2020.12.14-23.15.29:575][419]LogModuleManager: Shutting down and abandoning module PhysXCooking (90)
[2020.12.14-23.15.29:575][419]LogModuleManager: Shutting down and abandoning module ChaosSolvers (88)
[2020.12.14-23.15.29:575][419]LogModuleManager: Shutting down and abandoning module FieldSystemEngine (87)
[2020.12.14-23.15.29:575][419]LogModuleManager: Shutting down and abandoning module Chaos (84)
[2020.12.14-23.15.29:575][419]LogModuleManager: Shutting down and abandoning module WindowsPlatformFeatures (82)
[2020.12.14-23.15.29:575][419]LogModuleManager: Shutting down and abandoning module GameplayMediaEncoder (81)
[2020.12.14-23.15.29:576][419]LogModuleManager: Shutting down and abandoning module AVEncoder (80)
[2020.12.14-23.15.29:576][419]LogModuleManager: Shutting down and abandoning module SteamVRInputDevice (76)
[2020.12.14-23.15.29:576][419]LogModuleManager: Shutting down and abandoning module SteamVRInput (74)
[2020.12.14-23.15.29:576][419]LogModuleManager: Shutting down and abandoning module SteamVR (72)
[2020.12.14-23.15.29:576][419]LogHMD: Freeing OpenVRDLLHandle.
[2020.12.14-23.15.29:576][419]LogModuleManager: Shutting down and abandoning module OculusHMD (70)
[2020.12.14-23.15.29:576][419]LogModuleManager: Shutting down and abandoning module ExampleDeviceProfileSelector (68)
[2020.12.14-23.15.29:576][419]LogModuleManager: Shutting down and abandoning module LauncherChunkInstaller (66)
[2020.12.14-23.15.29:576][419]LogModuleManager: Shutting down and abandoning module OnlineSubsystem (62)
[2020.12.14-23.15.29:577][419]LogModuleManager: Shutting down and abandoning module HTTP (57)
[2020.12.14-23.15.29:596][419]LogModuleManager: Shutting down and abandoning module SSL (56)
[2020.12.14-23.15.29:597][419]LogModuleManager: Shutting down and abandoning module WmfMedia (52)
[2020.12.14-23.15.29:598][419]LogModuleManager: Shutting down and abandoning module Media (51)
[2020.12.14-23.15.29:598][419]LogModuleManager: Shutting down and abandoning module MagicLeap (48)
[2020.12.14-23.15.29:598][419]LogModuleManager: Shutting down and abandoning module NiagaraVertexFactories (46)
[2020.12.14-23.15.29:598][419]LogModuleManager: Shutting down and abandoning module NiagaraShader (44)
[2020.12.14-23.15.29:598][419]LogModuleManager: Shutting down and abandoning module VariantManagerContent (42)
[2020.12.14-23.15.29:598][419]LogModuleManager: Shutting down and abandoning module DatasmithContent (40)
[2020.12.14-23.15.29:598][419]LogModuleManager: Shutting down and abandoning module AISupportModule (38)
[2020.12.14-23.15.29:598][419]LogModuleManager: Shutting down and abandoning module PlatformCryptoOpenSSL (36)
[2020.12.14-23.15.29:598][419]LogModuleManager: Shutting down and abandoning module PlatformCryptoTypes (34)
[2020.12.14-23.15.29:598][419]LogModuleManager: Shutting down and abandoning module PlatformCrypto (32)
[2020.12.14-23.15.29:598][419]LogModuleManager: Shutting down and abandoning module RenderCore (30)
[2020.12.14-23.15.29:598][419]LogModuleManager: Shutting down and abandoning module Landscape (28)
[2020.12.14-23.15.29:598][419]LogModuleManager: Shutting down and abandoning module SlateRHIRenderer (26)
[2020.12.14-23.15.29:598][419]LogModuleManager: Shutting down and abandoning module OpenGLDrv (24)
[2020.12.14-23.15.29:598][419]LogModuleManager: Shutting down and abandoning module D3D11RHI (22)
[2020.12.14-23.15.29:598][419]LogModuleManager: Shutting down and abandoning module AnimGraphRuntime (20)
[2020.12.14-23.15.29:598][419]LogModuleManager: Shutting down and abandoning module Renderer (18)
[2020.12.14-23.15.29:599][419]LogModuleManager: Shutting down and abandoning module Engine (16)
[2020.12.14-23.15.29:599][419]LogModuleManager: Shutting down and abandoning module CoreUObject (14)
[2020.12.14-23.15.29:599][419]LogModuleManager: Shutting down and abandoning module NetworkFile (12)
[2020.12.14-23.15.29:599][419]LogModuleManager: Shutting down and abandoning module CookedIterativeFile (10)
[2020.12.14-23.15.29:599][419]LogModuleManager: Shutting down and abandoning module StreamingFile (8)
[2020.12.14-23.15.29:599][419]LogModuleManager: Shutting down and abandoning module SandboxFile (6)
[2020.12.14-23.15.29:599][419]LogModuleManager: Shutting down and abandoning module PakFile (4)
[2020.12.14-23.15.29:600][419]LogModuleManager: Shutting down and abandoning module RSA (3)
[2020.12.14-23.15.29:600][419]LogContentStreaming: Display: There are 1 unreleased StreamingManagers
[2020.12.14-23.15.29:601][419]LogD3D11RHI: Shutdown
[2020.12.14-23.15.29:601][419]LogD3D11RHI: CleanupD3DDevice
[2020.12.14-23.15.29:610][419]LogExit: Exiting.
[2020.12.14-23.15.29:622][419]Log file closed, 12/15/20 08:15:29
